[Licensing::Module] Trying to connect to existing licensing client channel...
Built from '6000.2/staging' branch; Version is '6000.2.10f1 (d3d30d158480) revision 13882125'; Using compiler version '194234433'; Build Type 'Release'
OS: 'Windows 11  (10.0.26200) 64bit Professional' Language: 'en' Physical Memory: 64631 MB
[Licensing::IpcConnector] Successfully connected to: "LicenseClient-jeanf" at "2025-11-24T16:39:25.3781531Z"
BatchMode: 1, IsHumanControllingUs: 0, StartBugReporterOnCrash: 0, Is64bit: 1
Date: 2025-11-24T16:39:25Z

COMMAND LINE ARGUMENTS:
C:\Program Files\Unity\Hub\Editor\6000.2.10f1\Editor\Unity.exe
-adb2
-batchMode
-noUpm
-name
AssetImportWorker15
-projectPath
E:/Projects/Crusaders-of-Light
-logFile
Logs/AssetImportWorker15.log
-srvPort
62489
-licensingIpc
LicenseClient-jeanf
-job-worker-count
7
-background-job-worker-count
8
-gc-helper-count
1
-name
AssetImport
Successfully changed project path to: E:/Projects/Crusaders-of-Light
E:/Projects/Crusaders-of-Light
[UnityMemory] Configuration Parameters - Can be set up in boot.config
    "memorysetup-allocator-temp-initial-block-size-main=262144"
    "memorysetup-allocator-temp-initial-block-size-worker=262144"
    "memorysetup-bucket-allocator-granularity=16"
    "memorysetup-bucket-allocator-bucket-count=8"
    "memorysetup-bucket-allocator-block-size=33554432"
    "memorysetup-bucket-allocator-block-count=8"
    "memorysetup-main-allocator-block-size=16777216"
    "memorysetup-thread-allocator-block-size=16777216"
    "memorysetup-gfx-main-allocator-block-size=16777216"
    "memorysetup-gfx-thread-allocator-block-size=16777216"
    "memorysetup-cache-allocator-block-size=4194304"
    "memorysetup-typetree-allocator-block-size=2097152"
    "memorysetup-profiler-bucket-allocator-granularity=16"
    "memorysetup-profiler-bucket-allocator-bucket-count=8"
    "memorysetup-profiler-bucket-allocator-block-size=33554432"
    "memorysetup-profiler-bucket-allocator-block-count=8"
    "memorysetup-profiler-allocator-block-size=16777216"
    "memorysetup-profiler-editor-allocator-block-size=1048576"
    "memorysetup-temp-allocator-size-main=16777216"
    "memorysetup-job-temp-allocator-block-size=2097152"
    "memorysetup-job-temp-allocator-block-size-background=1048576"
    "memorysetup-job-temp-allocator-reduction-small-platforms=262144"
    "memorysetup-temp-allocator-size-background-worker=32768"
    "memorysetup-temp-allocator-size-job-worker=262144"
    "memorysetup-temp-allocator-size-preload-manager=33554432"
    "memorysetup-temp-allocator-size-nav-mesh-worker=65536"
    "memorysetup-temp-allocator-size-audio-worker=65536"
    "memorysetup-temp-allocator-size-cloud-worker=32768"
    "memorysetup-temp-allocator-size-gi-baking-worker=262144"
    "memorysetup-temp-allocator-size-gi-baking-worker=262144"
    "memorysetup-temp-allocator-size-gi-baking-worker=262144"
    "memorysetup-temp-allocator-size-gi-baking-worker=262144"
    "memorysetup-temp-allocator-size-gi-baking-worker=262144"
    "memorysetup-temp-allocator-size-gfx=262144"
Player connection [37152]  Target information:

Player connection [37152]  * "[IP] 192.168.1.33 [Port] 0 [Flags] 2 [Guid] 524685402 [EditorId] 524685402 [Version] 1048832 [Id] WindowsEditor(7,Jean-PC) [Debug] 1 [PackageName] WindowsEditor [ProjectName] Editor" 

Player connection [37152] Host joined multi-casting on [225.0.0.222:54997]...
Player connection [37152] Host joined alternative multi-casting on [225.0.0.222:34997]...
JobSystem: Creating JobQueue using job-worker-count value 7
Input System module state changed to: Initialized.
[Physics::Module] Initialized fallback backend.
[Physics::Module] Id: 0xdecafbad
[Licensing::Client] Code 10 while verifying Licensing Client signature (process Id: 23800, path: "C:/Program Files/Unity Hub/UnityLicensingClient_V1/Unity.Licensing.Client.exe")
[Licensing::Module] LicensingClient has failed validation; ignoring
[Licensing::Client] Handshaking with LicensingClient:
  Version:                 1.17.3+a4e98f1
  Session Id:              ea249b9e55f74ebcbeb3272348ebce68
  Correlation Id:          d143c03b38e4bf055ac7589f285c430c
  External correlation Id: 1597624169775140393
  Machine Id:              E0le8N3BhCOKOxRRXgm/abiTxfk=
[Licensing::Module] Successfully connected to LicensingClient on channel: "LicenseClient-jeanf" (connect: 0.00s, validation: 0.00s, handshake: 0.03s)
[Licensing::IpcConnector] Successfully connected to: "LicenseClient-jeanf-notifications" at "2025-11-24T16:39:25.4063378Z"
[Licensing::Module] Licensing Background thread has ended after 0.03s
Library Redirect Path: Library/
[Physics::Module] Selected backend.
[Physics::Module] Name: PhysX
[Physics::Module] Id: 0xf2b8ea05
[Physics::Module] SDK Version: 4.1.2
[Physics::Module] Integration Version: 1.0.0
[Physics::Module] Threading Mode: Multi-Threaded
ETC Legacy compression has been deprecated and will be removed in a future release. You can review compressors in "Project Settings > Editor > Texture Compressors".
Refreshing native plugins compatible for Editor in 2.14 ms, found 2 plugins.
Preloading 0 native plugins for Editor in 0.00 ms.
Initialize engine version: 6000.2.10f1 (d3d30d158480)
[Subsystems] Discovering subsystems at path C:/Program Files/Unity/Hub/Editor/6000.2.10f1/Editor/Data/Resources/UnitySubsystems
[Subsystems] Discovering subsystems at path E:/Projects/Crusaders-of-Light/Assets
GfxDevice: creating device client; kGfxThreadingModeNonThreaded
Direct3D:
    Version:  Direct3D 11.0 [level 11.1]
    Renderer: AMD Radeon RX 7800 XT (ID=0x747e)
    Vendor:   ATI
    VRAM:     16368 MB
    Driver:   32.0.22029.1019
Initialize mono
Mono path[0] = 'C:/Program Files/Unity/Hub/Editor/6000.2.10f1/Editor/Data/Managed'
Mono path[1] = 'C:/Program Files/Unity/Hub/Editor/6000.2.10f1/Editor/Data/MonoBleedingEdge/lib/mono/unityjit-win32'
Mono config path = 'C:/Program Files/Unity/Hub/Editor/6000.2.10f1/Editor/Data/MonoBleedingEdge/etc'
Using monoOptions --debugger-agent=transport=dt_socket,embedding=1,server=y,suspend=n,address=127.0.0.1:56532
Begin MonoManager ReloadAssembly
Registering precompiled unity dll's ...
Register platform support module: C:/Program Files/Unity/Hub/Editor/6000.2.10f1/Editor/Data/PlaybackEngines/WebGLSupport/UnityEditor.WebGL.Extensions.dll
Register platform support module: C:/Program Files/Unity/Hub/Editor/6000.2.10f1/Editor/Data/PlaybackEngines/WindowsStandaloneSupport/UnityEditor.WindowsStandalone.Extensions.dll
[Licensing::Client] Successfully resolved entitlement details
[Licensing::Module] License group:
  Id: F4-BVAN-SGGT-E88F-YTNH-XXXX
  Product: Unity Personal
  Type: ULF
  Expiration: Unlimited
[Licensing::Module] License group:
  Id: 736993-UnityPersXXXX
  Product: Unity Personal
  Type: Assigned
  Expiration: Unlimited
Register platform support module: C:/Program Files/Unity/Hub/Editor/6000.2.10f1/Editor/Data/PlaybackEngines/AndroidPlayer/UnityEditor.Android.Extensions.dll
Registered in 0.002785 seconds.
- Loaded All Assemblies, in  0.257 seconds
Native extension for Android target not found
Android Extension - Scanning For ADB Devices 189 ms
Native extension for WindowsStandalone target not found
Native extension for WebGL target not found
Mono: successfully reloaded assembly
- Finished resetting the current domain, in  0.447 seconds
Domain Reload Profiling: 702ms
	BeginReloadAssembly (78ms)
		ExecutionOrderSort (0ms)
		DisableScriptedObjects (0ms)
		BackupInstance (0ms)
		ReleaseScriptingObjects (0ms)
		CreateAndSetChildDomain (0ms)
	RebuildCommonClasses (25ms)
	RebuildNativeTypeToScriptingClass (9ms)
	initialDomainReloadingComplete (32ms)
	LoadAllAssembliesAndSetupDomain (111ms)
		LoadAssemblies (77ms)
		RebuildTransferFunctionScriptingTraits (0ms)
		AnalyzeDomain (109ms)
			TypeCache.Refresh (108ms)
				TypeCache.ScanAssembly (99ms)
			BuildScriptInfoCaches (0ms)
			ResolveRequiredComponents (0ms)
	FinalizeReload (447ms)
		ReleaseScriptCaches (0ms)
		RebuildScriptCaches (0ms)
		SetupLoadedEditorAssemblies (419ms)
			LogAssemblyErrors (0ms)
			InitializePlatformSupportModulesInManaged (250ms)
			SetLoadedEditorAssemblies (4ms)
			BeforeProcessingInitializeOnLoad (43ms)
			ProcessInitializeOnLoadAttributes (77ms)
			ProcessInitializeOnLoadMethodAttributes (45ms)
			AfterProcessingInitializeOnLoad (0ms)
			EditorAssembliesLoaded (0ms)
		ExecutionOrderSort2 (0ms)
		AwakeInstancesAfterBackupRestoration (0ms)
========================================================================
Worker process is ready to serve import requests
Import Worker Mode flag is 0x00
Begin MonoManager ReloadAssembly
[Licensing::Client] Successfully resolved entitlement details
[Licensing::Module] License group:
  Id: F4-BVAN-SGGT-E88F-YTNH-XXXX
  Product: Unity Personal
  Type: ULF
  Expiration: Unlimited
[Licensing::Module] License group:
  Id: 736993-UnityPersXXXX
  Product: Unity Personal
  Type: Assigned
  Expiration: Unlimited
Symbol file LoadedFromMemory is not a mono symbol file
- Loaded All Assemblies, in  0.406 seconds
Refreshing native plugins compatible for Editor in 1.80 ms, found 2 plugins.
Native extension for Android target not found
Native extension for WindowsStandalone target not found
Native extension for WebGL target not found
Refreshing native plugins compatible for Editor in 2.03 ms, found 2 plugins.
Package Manager log level set to [2]
[Package Manager] Failed to launch server process. Reason: Unity was launched with the -noUpm command-line argument
[Package Manager] Unable to send message (not connected to server process).
[Package Manager] Cannot connect to Unity Package Manager local server
Mono: successfully reloaded assembly
- Finished resetting the current domain, in  0.482 seconds
Domain Reload Profiling: 887ms
	BeginReloadAssembly (114ms)
		ExecutionOrderSort (0ms)
		DisableScriptedObjects (4ms)
		BackupInstance (0ms)
		ReleaseScriptingObjects (0ms)
		CreateAndSetChildDomain (23ms)
	RebuildCommonClasses (24ms)
	RebuildNativeTypeToScriptingClass (9ms)
	initialDomainReloadingComplete (22ms)
	LoadAllAssembliesAndSetupDomain (236ms)
		LoadAssemblies (202ms)
		RebuildTransferFunctionScriptingTraits (0ms)
		AnalyzeDomain (93ms)
			TypeCache.Refresh (69ms)
				TypeCache.ScanAssembly (59ms)
			BuildScriptInfoCaches (20ms)
			ResolveRequiredComponents (2ms)
	FinalizeReload (482ms)
		ReleaseScriptCaches (0ms)
		RebuildScriptCaches (0ms)
		SetupLoadedEditorAssemblies (413ms)
			LogAssemblyErrors (0ms)
			InitializePlatformSupportModulesInManaged (7ms)
			SetLoadedEditorAssemblies (4ms)
			BeforeProcessingInitializeOnLoad (84ms)
			ProcessInitializeOnLoadAttributes (205ms)
			ProcessInitializeOnLoadMethodAttributes (109ms)
			AfterProcessingInitializeOnLoad (4ms)
			EditorAssembliesLoaded (0ms)
		ExecutionOrderSort2 (0ms)
		AwakeInstancesAfterBackupRestoration (5ms)
ETC Legacy compression has been deprecated and will be removed in a future release. You can review compressors in "Project Settings > Editor > Texture Compressors".
Launched and connected shader compiler UnityShaderCompiler.exe after 0.01 seconds
Refreshing native plugins compatible for Editor in 2.31 ms, found 2 plugins.
Preloading 0 native plugins for Editor in 0.00 ms.
Unloading 19 Unused Serialized files (Serialized files now loaded: 0)
Unloading 3280 unused Assets / (3.1 MB). Loaded Objects now: 3813.
Memory consumption went from 105.5 MB to 102.4 MB.
Total: 7.512100 ms (FindLiveObjects: 0.334500 ms CreateObjectMapping: 0.096500 ms MarkObjects: 6.126700 ms  DeleteObjects: 0.953500 ms)

========================================================================
Received Import Request.
  Time since last request: 152182.807911 seconds.
  path: Assets/Prefabs/Environment
  artifactKey: Guid(988e06dc1bea2424d9295543a6634488) Importer(815301076,1909f56bfc062723c751e8b465ee728b)
Start importing Assets/Prefabs/Environment using Guid(988e06dc1bea2424d9295543a6634488) Importer(815301076,1909f56bfc062723c751e8b465ee728b) (PreviewImporter) -> (artifact id: '8bc60e927df92a72aba66985ca904a5a') in 0.0032205 seconds
Number of updated asset objects reloaded before import = 0Number of asset objects unloaded after import = 0

========================================================================
Received Import Request.
  Time since last request: 0.053393 seconds.
  path: Assets/Prefabs/Environment/AreaArenaTrigger.prefab
  artifactKey: Guid(11dc71309d99f8545a8d61b9cd52dd75) Importer(815301076,1909f56bfc062723c751e8b465ee728b)
Start importing Assets/Prefabs/Environment/AreaArenaTrigger.prefab using Guid(11dc71309d99f8545a8d61b9cd52dd75) Importer(815301076,1909f56bfc062723c751e8b465ee728b) (PreviewImporter) -> (artifact id: '8f736d26be42dd51af4daacb4d71e7e8') in 0.0278676 seconds
Number of updated asset objects reloaded before import = 0Number of asset objects unloaded after import = 7

========================================================================
Received Import Request.
  Time since last request: 0.000015 seconds.
  path: Assets/Prefabs/Environment/Well.prefab
  artifactKey: Guid(999b01ac9cecae940a115062dd1ebcb1) Importer(815301076,1909f56bfc062723c751e8b465ee728b)
Start importing Assets/Prefabs/Environment/Well.prefab using Guid(999b01ac9cecae940a115062dd1ebcb1) Importer(815301076,1909f56bfc062723c751e8b465ee728b) (PreviewImporter) -> (artifact id: 'b37a9b758139577cfc6c4b8a2b0d35d3') in 0.0567749 seconds
Number of updated asset objects reloaded before import = 0Number of asset objects unloaded after import = 11

========================================================================
Received Import Request.
  Time since last request: 0.000018 seconds.
  path: Assets/Prefabs/Environment/FencePost.prefab
  artifactKey: Guid(27c18f1071ebfa8468618d8634f6cf04) Importer(815301076,1909f56bfc062723c751e8b465ee728b)
Start importing Assets/Prefabs/Environment/FencePost.prefab using Guid(27c18f1071ebfa8468618d8634f6cf04) Importer(815301076,1909f56bfc062723c751e8b465ee728b) (PreviewImporter) -> (artifact id: '0e2f31e6ef8b6868cfdd8ea0ae3ec2df') in 0.0116252 seconds
Number of updated asset objects reloaded before import = 0Number of asset objects unloaded after import = 10

========================================================================
Received Import Request.
  Time since last request: 2.068448 seconds.
  path: Assets/Prefabs/Environment/Buildings
  artifactKey: Guid(9dceb91156a5d354e92ce71bd18bcf43) Importer(815301076,1909f56bfc062723c751e8b465ee728b)
Start importing Assets/Prefabs/Environment/Buildings using Guid(9dceb91156a5d354e92ce71bd18bcf43) Importer(815301076,1909f56bfc062723c751e8b465ee728b) (PreviewImporter) -> (artifact id: '543811f3f388add5dd6dc65a806d57f3') in 0.0003888 seconds
Number of updated asset objects reloaded before import = 0Number of asset objects unloaded after import = 0

========================================================================
Received Import Request.
  Time since last request: 1.289640 seconds.
  path: Assets/Prefabs/Environment/Buildings/Forest
  artifactKey: Guid(fe6ef813eddd4a746b16bcc1bf9f0d37) Importer(815301076,1909f56bfc062723c751e8b465ee728b)
Start importing Assets/Prefabs/Environment/Buildings/Forest using Guid(fe6ef813eddd4a746b16bcc1bf9f0d37) Importer(815301076,1909f56bfc062723c751e8b465ee728b) (PreviewImporter) -> (artifact id: 'b261a4227d242e2a2cf1574b986c4b42') in 0.0003673 seconds
Number of updated asset objects reloaded before import = 0Number of asset objects unloaded after import = 0

========================================================================
Received Import Request.
  Time since last request: 14.034486 seconds.
  path: Assets/Prefabs/Environment/Buildings/Snow/BarnSnow.prefab
  artifactKey: Guid(4cbcb1740bf97ee4e8545113ecf8da71) Importer(815301076,1909f56bfc062723c751e8b465ee728b)
Start importing Assets/Prefabs/Environment/Buildings/Snow/BarnSnow.prefab using Guid(4cbcb1740bf97ee4e8545113ecf8da71) Importer(815301076,1909f56bfc062723c751e8b465ee728b) (PreviewImporter) -> (artifact id: 'd1483a54a1e8be15407221968fcd8539') in 0.0187915 seconds
Number of updated asset objects reloaded before import = 0Number of asset objects unloaded after import = 223

========================================================================
Received Import Request.
  Time since last request: 30.141069 seconds.
  path: Assets/Materials/SnowMats/BossWallSnow.mat
  artifactKey: Guid(7334bb160d4efff498aa38b2ed3c4dd9) Importer(815301076,1909f56bfc062723c751e8b465ee728b)
Start importing Assets/Materials/SnowMats/BossWallSnow.mat using Guid(7334bb160d4efff498aa38b2ed3c4dd9) Importer(815301076,1909f56bfc062723c751e8b465ee728b) (PreviewImporter) -> (artifact id: '3cffbd8ec0a7dc276bcc96cf99e6b1e4') in 0.0262688 seconds
Number of updated asset objects reloaded before import = 0Number of asset objects unloaded after import = 4

========================================================================
Received Import Request.
  Time since last request: 4.787091 seconds.
  path: Assets/Prefabs/Environment/Buildings/Forest/Barn.prefab
  artifactKey: Guid(2e833398cccc3a44f851640eebe2fc81) Importer(815301076,1909f56bfc062723c751e8b465ee728b)
Start importing Assets/Prefabs/Environment/Buildings/Forest/Barn.prefab using Guid(2e833398cccc3a44f851640eebe2fc81) Importer(815301076,1909f56bfc062723c751e8b465ee728b) (PreviewImporter) -> (artifact id: '8869b795c6675c5a21df556841fd046c') in 0.014397 seconds
Number of updated asset objects reloaded before import = 0Number of asset objects unloaded after import = 221

========================================================================
Received Import Request.
  Time since last request: 22.247976 seconds.
  path: Assets/LowPolyWater_Pack/Plane Meshes/Ocean50x50W750H750.asset
  artifactKey: Guid(ebfb4988eb16add4784122504f75fe2f) Importer(815301076,1909f56bfc062723c751e8b465ee728b)
Start importing Assets/LowPolyWater_Pack/Plane Meshes/Ocean50x50W750H750.asset using Guid(ebfb4988eb16add4784122504f75fe2f) Importer(815301076,1909f56bfc062723c751e8b465ee728b) (PreviewImporter) -> (artifact id: 'b60b283e3a54534eff16c62724a46dcf') in 0.0223524 seconds
Number of updated asset objects reloaded before import = 0Number of asset objects unloaded after import = 2

========================================================================
Received Import Request.
  Time since last request: 6.929475 seconds.
  path: Assets/Prefabs/Environment/Buildings/Forest/Barn.prefab
  artifactKey: Guid(2e833398cccc3a44f851640eebe2fc81) Importer(815301076,1909f56bfc062723c751e8b465ee728b)
Start importing Assets/Prefabs/Environment/Buildings/Forest/Barn.prefab using Guid(2e833398cccc3a44f851640eebe2fc81) Importer(815301076,1909f56bfc062723c751e8b465ee728b) (PreviewImporter) -> (artifact id: '58cef312e0420917acaa2b96c2929681') in 0.0071869 seconds
Number of updated asset objects reloaded before import = 0Number of asset objects unloaded after import = 216

========================================================================
Received Import Request.
  Time since last request: 75.940039 seconds.
  path: Assets/Prefabs/Characters/Players/Player_Character_1_Knight.prefab
  artifactKey: Guid(03ca168d4c080a24a874f4cadafeb222) Importer(2089858483,192608db42251d675da83286b1cce702)
Start importing Assets/Prefabs/Characters/Players/Player_Character_1_Knight.prefab using Guid(03ca168d4c080a24a874f4cadafeb222) Importer(2089858483,192608db42251d675da83286b1cce702) (ScriptedImporter) -> (artifact id: '1511a53dcb7fca6c7edda38d840b6d99') in 0.1556565 seconds
Number of updated asset objects reloaded before import = 0Number of asset objects unloaded after import = 171

========================================================================
Received Import Request.
  Time since last request: 0.000013 seconds.
  path: Assets/Biomes/Forest/Forest.asset
  artifactKey: Guid(b7e80e27b85b16847b70b28533e901b7) Importer(2089858483,192608db42251d675da83286b1cce702)
Start importing Assets/Biomes/Forest/Forest.asset using Guid(b7e80e27b85b16847b70b28533e901b7) Importer(2089858483,192608db42251d675da83286b1cce702) (ScriptedImporter) -> (artifact id: '81c8bf57896b4342558064ad19862357') in 0.1143855 seconds
Number of updated asset objects reloaded before import = 0Number of asset objects unloaded after import = 2176

========================================================================
Received Import Request.
  Time since last request: 0.000025 seconds.
  path: Assets/New Terrain Material.mat
  artifactKey: Guid(5bfcaa583a2eaea459d8246d72edeec1) Importer(2089858483,192608db42251d675da83286b1cce702)
Start importing Assets/New Terrain Material.mat using Guid(5bfcaa583a2eaea459d8246d72edeec1) Importer(2089858483,192608db42251d675da83286b1cce702) (ScriptedImporter) -> (artifact id: '9e2daa2c4c0780b4d44fb06bec494387') in 0.0117579 seconds
Number of updated asset objects reloaded before import = 0Number of asset objects unloaded after import = 2

========================================================================
Received Import Request.
  Time since last request: 0.000018 seconds.
  path: Assets/Prefabs/Characters/Players/Player_Character_3_Rogue.prefab
  artifactKey: Guid(96ae026282e76c946bca5bcfe7190f09) Importer(2089858483,192608db42251d675da83286b1cce702)
Start importing Assets/Prefabs/Characters/Players/Player_Character_3_Rogue.prefab using Guid(96ae026282e76c946bca5bcfe7190f09) Importer(2089858483,192608db42251d675da83286b1cce702) (ScriptedImporter) -> (artifact id: '130455c7ad4060f90a9e37e47e62b971') in 0.0375915 seconds
Number of updated asset objects reloaded before import = 0Number of asset objects unloaded after import = 101

========================================================================
Received Import Request.
  Time since last request: 0.000012 seconds.
  path: Assets/Prefabs/Characters/Enemies/Bosses/Golem/Skill_Golem_Charge/Skill_Golem_Charge_Damage.asset
  artifactKey: Guid(677a0389f9f53b84da020de084251bb8) Importer(2089858483,192608db42251d675da83286b1cce702)
Start importing Assets/Prefabs/Characters/Enemies/Bosses/Golem/Skill_Golem_Charge/Skill_Golem_Charge_Damage.asset using Guid(677a0389f9f53b84da020de084251bb8) Importer(2089858483,192608db42251d675da83286b1cce702) (ScriptedImporter) -> (artifact id: '572aae5d56cefcb76f479ece00148cb8') in 0.0145629 seconds
Number of updated asset objects reloaded before import = 0Number of asset objects unloaded after import = 1

========================================================================
Received Import Request.
  Time since last request: 0.000068 seconds.
  path: Assets/Prefabs/Characters/SwarmTest/Enemy_Swarmling_Wings.prefab
  artifactKey: Guid(bbc08281a13b8634ba83bfa46a36ae2d) Importer(2089858483,192608db42251d675da83286b1cce702)
Start importing Assets/Prefabs/Characters/SwarmTest/Enemy_Swarmling_Wings.prefab using Guid(bbc08281a13b8634ba83bfa46a36ae2d) Importer(2089858483,192608db42251d675da83286b1cce702) (ScriptedImporter) -> (artifact id: '49fd10e45f474ae8061f1330bcc483d7') in 0.0618167 seconds
Number of updated asset objects reloaded before import = 0Number of asset objects unloaded after import = 101

========================================================================
Received Import Request.
  Time since last request: 0.000010 seconds.
  path: Assets/Prefabs/Characters/Enemies/Bosses_Mini/Skull/Enemy_Skull_MiniBoss.prefab
  artifactKey: Guid(8f55f81707bf2b746a0b84c50829976b) Importer(2089858483,192608db42251d675da83286b1cce702)
Start importing Assets/Prefabs/Characters/Enemies/Bosses_Mini/Skull/Enemy_Skull_MiniBoss.prefab using Guid(8f55f81707bf2b746a0b84c50829976b) Importer(2089858483,192608db42251d675da83286b1cce702) (ScriptedImporter) -> (artifact id: 'fd798508bb4f9e640f6bd1357b93bfbc') in 0.0482275 seconds
Number of updated asset objects reloaded before import = 0Number of asset objects unloaded after import = 229

========================================================================
Received Import Request.
  Time since last request: 0.000014 seconds.
  path: Assets/Prefabs/Characters/Players New/Player_Character_1_Thief.prefab
  artifactKey: Guid(95210976b12cdc344a5f03aa63345e2d) Importer(2089858483,192608db42251d675da83286b1cce702)
Start importing Assets/Prefabs/Characters/Players New/Player_Character_1_Thief.prefab using Guid(95210976b12cdc344a5f03aa63345e2d) Importer(2089858483,192608db42251d675da83286b1cce702) (ScriptedImporter) -> (artifact id: '06d34012ca3744267d6606072254ae61') in 0.0549569 seconds
Number of updated asset objects reloaded before import = 0Number of asset objects unloaded after import = 331

========================================================================
Received Import Request.
  Time since last request: 0.000015 seconds.
  path: Assets/_TerrainAutoUpgrade
  artifactKey: Guid(35fea4617388a1f43a609cfabc510479) Importer(2089858483,192608db42251d675da83286b1cce702)
Start importing Assets/_TerrainAutoUpgrade using Guid(35fea4617388a1f43a609cfabc510479) Importer(2089858483,192608db42251d675da83286b1cce702) (ScriptedImporter) -> (artifact id: '007a4fcd19cb34678b32a4221e405201') in 0.0065866 seconds
Number of updated asset objects reloaded before import = 0Number of asset objects unloaded after import = 1

========================================================================
Received Import Request.
  Time since last request: 0.000080 seconds.
  path: Assets/Prefabs/Environment/Buildings/Forest/Barn.prefab
  artifactKey: Guid(2e833398cccc3a44f851640eebe2fc81) Importer(2089858483,192608db42251d675da83286b1cce702)
Start importing Assets/Prefabs/Environment/Buildings/Forest/Barn.prefab using Guid(2e833398cccc3a44f851640eebe2fc81) Importer(2089858483,192608db42251d675da83286b1cce702) (ScriptedImporter) -> (artifact id: '30d738bf100448dd86f4f10cea48ac8e') in 0.0117671 seconds
Number of updated asset objects reloaded before import = 0Number of asset objects unloaded after import = 109

========================================================================
Received Import Request.
  Time since last request: 0.000008 seconds.
  path: Assets/Prefabs/Characters/Enemies/Bosses_Mini/Skull/Skill_Skull_SwarmlingExplosion/Skill_Skull_SwarmlingExplosion_SwarmlingShockDamage.asset
  artifactKey: Guid(cce081958c1afc449bb4b8479b02b8bd) Importer(2089858483,192608db42251d675da83286b1cce702)
Start importing Assets/Prefabs/Characters/Enemies/Bosses_Mini/Skull/Skill_Skull_SwarmlingExplosion/Skill_Skull_SwarmlingExplosion_SwarmlingShockDamage.asset using Guid(cce081958c1afc449bb4b8479b02b8bd) Importer(2089858483,192608db42251d675da83286b1cce702) (ScriptedImporter) -> (artifact id: '8dd3526efa609f8691ac614c636e6629') in 0.0080566 seconds
Number of updated asset objects reloaded before import = 0Number of asset objects unloaded after import = 1

========================================================================
Received Import Request.
  Time since last request: 0.000055 seconds.
  path: Assets/Scenes/Menu2/LightingData.asset
  artifactKey: Guid(b45710c37e347314ebd751ebfe70edb7) Importer(2089858483,192608db42251d675da83286b1cce702)
Start importing Assets/Scenes/Menu2/LightingData.asset using Guid(b45710c37e347314ebd751ebfe70edb7) Importer(2089858483,192608db42251d675da83286b1cce702) (ScriptedImporter) -> (artifact id: '3ccf2c2552c079addf4afd5a3a3ea177') in 0.0061872 seconds
Number of updated asset objects reloaded before import = 0Number of asset objects unloaded after import = 2

========================================================================
Received Import Request.
  Time since last request: 0.000070 seconds.
  path: Assets/Prefabs/Characters/Players/Player_Character_4_Mage.prefab
  artifactKey: Guid(393c727cf4566af4f85bfe9231fb658e) Importer(2089858483,192608db42251d675da83286b1cce702)
Start importing Assets/Prefabs/Characters/Players/Player_Character_4_Mage.prefab using Guid(393c727cf4566af4f85bfe9231fb658e) Importer(2089858483,192608db42251d675da83286b1cce702) (ScriptedImporter) -> (artifact id: 'd28377f362551170c6a3d14b2ddc6a79') in 0.0355621 seconds
Number of updated asset objects reloaded before import = 0Number of asset objects unloaded after import = 101

========================================================================
Received Import Request.
  Time since last request: 0.000011 seconds.
  path: Assets/Prefabs/Characters/Enemies/Bosses_Mini/IceWizard/Skill_IceWizard_IceWall/Skill_IceWizard_IceWall_FrostDamage.asset
  artifactKey: Guid(267307bd368b92149b2e856e1ce30563) Importer(2089858483,192608db42251d675da83286b1cce702)
Start importing Assets/Prefabs/Characters/Enemies/Bosses_Mini/IceWizard/Skill_IceWizard_IceWall/Skill_IceWizard_IceWall_FrostDamage.asset using Guid(267307bd368b92149b2e856e1ce30563) Importer(2089858483,192608db42251d675da83286b1cce702) (ScriptedImporter) -> (artifact id: '8e0d26e00e764619cfdf1f16065d28fc') in 0.0087739 seconds
Number of updated asset objects reloaded before import = 0Number of asset objects unloaded after import = 1

========================================================================
Received Import Request.
  Time since last request: 0.000052 seconds.
  path: Assets/Scenes/HandMadeMap.unity
  artifactKey: Guid(4e5141f5c521d5e439417182c60c0f09) Importer(2089858483,192608db42251d675da83286b1cce702)
Start importing Assets/Scenes/HandMadeMap.unity using Guid(4e5141f5c521d5e439417182c60c0f09) Importer(2089858483,192608db42251d675da83286b1cce702) (ScriptedImporter) -> (artifact id: 'd8cb2a9e0907e18452672f92be1f352d') in 0.0201998 seconds
Number of updated asset objects reloaded before import = 0Number of asset objects unloaded after import = 1

========================================================================
Received Import Request.
  Time since last request: 0.000081 seconds.
  path: Assets/Prefabs/Characters/Players New/Player_Character_1_Mage.prefab
  artifactKey: Guid(a4179de3a3f0c2a48acfccd46e0b1266) Importer(2089858483,192608db42251d675da83286b1cce702)
Start importing Assets/Prefabs/Characters/Players New/Player_Character_1_Mage.prefab using Guid(a4179de3a3f0c2a48acfccd46e0b1266) Importer(2089858483,192608db42251d675da83286b1cce702) (ScriptedImporter) -> (artifact id: '3435f240c745d3bb13c4dba496f0f9cb') in 0.0498593 seconds
Number of updated asset objects reloaded before import = 0Number of asset objects unloaded after import = 331

========================================================================
Received Import Request.
  Time since last request: 0.000011 seconds.
  path: Assets/LowPolyWater_Pack/Plane Meshes/Ocean50x50W750H750.asset
  artifactKey: Guid(ebfb4988eb16add4784122504f75fe2f) Importer(2089858483,192608db42251d675da83286b1cce702)
Start importing Assets/LowPolyWater_Pack/Plane Meshes/Ocean50x50W750H750.asset using Guid(ebfb4988eb16add4784122504f75fe2f) Importer(2089858483,192608db42251d675da83286b1cce702) (ScriptedImporter) -> (artifact id: '9b4dba21de32fe6a02de405223cd2774') in 0.0137997 seconds
Number of updated asset objects reloaded before import = 0Number of asset objects unloaded after import = 1

========================================================================
Received Import Request.
  Time since last request: 0.000063 seconds.
  path: Assets/Prefabs/Characters/Enemies/Bosses/Golem/Skill_Golem_HitCombo/Skill_Golem_HitCombo_Damage.asset
  artifactKey: Guid(f5a28fdf53f6e8741bc56a9a248149bd) Importer(2089858483,192608db42251d675da83286b1cce702)
Start importing Assets/Prefabs/Characters/Enemies/Bosses/Golem/Skill_Golem_HitCombo/Skill_Golem_HitCombo_Damage.asset using Guid(f5a28fdf53f6e8741bc56a9a248149bd) Importer(2089858483,192608db42251d675da83286b1cce702) (ScriptedImporter) -> (artifact id: '824e09dc3c6d7a12eded95ae1ab5c2d9') in 0.0076085 seconds
Number of updated asset objects reloaded before import = 0Number of asset objects unloaded after import = 1

========================================================================
Received Import Request.
  Time since last request: 0.000075 seconds.
  path: Assets/Shaders/CustomTerrain.shader
  artifactKey: Guid(1d849e7eb88d01344b9fbd62c7a2d787) Importer(2089858483,192608db42251d675da83286b1cce702)
Start importing Assets/Shaders/CustomTerrain.shader using Guid(1d849e7eb88d01344b9fbd62c7a2d787) Importer(2089858483,192608db42251d675da83286b1cce702) (ScriptedImporter) -> (artifact id: '6acbb0f8f4f7c45c88ad9f49975a2d05') in 0.0081811 seconds
Number of updated asset objects reloaded before import = 0Number of asset objects unloaded after import = 1

========================================================================
Received Import Request.
  Time since last request: 0.000030 seconds.
  path: Assets/Prefabs/Characters/Players New/Player_Character_1_Knight.prefab
  artifactKey: Guid(9eceb34c04c5f9844bba98f36fbac253) Importer(2089858483,192608db42251d675da83286b1cce702)
Start importing Assets/Prefabs/Characters/Players New/Player_Character_1_Knight.prefab using Guid(9eceb34c04c5f9844bba98f36fbac253) Importer(2089858483,192608db42251d675da83286b1cce702) (ScriptedImporter) -> (artifact id: '8ea729f09451618d755e455c228d07aa') in 0.0590334 seconds
Number of updated asset objects reloaded before import = 0Number of asset objects unloaded after import = 331

========================================================================
Received Import Request.
  Time since last request: 0.000015 seconds.
  path: Assets/Biomes/SnowForest/SnowForest.asset
  artifactKey: Guid(5276c2213e7f7be4282c6b401c8624a1) Importer(2089858483,192608db42251d675da83286b1cce702)
Start importing Assets/Biomes/SnowForest/SnowForest.asset using Guid(5276c2213e7f7be4282c6b401c8624a1) Importer(2089858483,192608db42251d675da83286b1cce702) (ScriptedImporter) -> (artifact id: 'af7af08c9901c9a5428f0f461bfc9781') in 0.0846301 seconds
Number of updated asset objects reloaded before import = 0Number of asset objects unloaded after import = 1999

========================================================================
Received Import Request.
  Time since last request: 0.000023 seconds.
  path: Assets/Prefabs/Characters/SwarmTest/Enemy_Swarmling_Spikes.prefab
  artifactKey: Guid(8846148987a6b8b4fb71961c6b6a373e) Importer(2089858483,192608db42251d675da83286b1cce702)
Start importing Assets/Prefabs/Characters/SwarmTest/Enemy_Swarmling_Spikes.prefab using Guid(8846148987a6b8b4fb71961c6b6a373e) Importer(2089858483,192608db42251d675da83286b1cce702) (ScriptedImporter) -> (artifact id: 'cc6f216ff74c0c563a1b627296fec204') in 0.0420173 seconds
Number of updated asset objects reloaded before import = 0Number of asset objects unloaded after import = 83

========================================================================
Received Import Request.
  Time since last request: 0.000012 seconds.
  path: Assets/Prefabs/Characters/Enemies/Bosses_Mini/IceWizard/Skill_IceWizard_MultiIceBall/Skill_IceWizard_MultiIceBall_IceBall_FrostDamage.asset
  artifactKey: Guid(a03653819dee13449ad084cca89419a0) Importer(2089858483,192608db42251d675da83286b1cce702)
Start importing Assets/Prefabs/Characters/Enemies/Bosses_Mini/IceWizard/Skill_IceWizard_MultiIceBall/Skill_IceWizard_MultiIceBall_IceBall_FrostDamage.asset using Guid(a03653819dee13449ad084cca89419a0) Importer(2089858483,192608db42251d675da83286b1cce702) (ScriptedImporter) -> (artifact id: '2e452546a6f8a804405e40806f8f8f20') in 0.0089997 seconds
Number of updated asset objects reloaded before import = 0Number of asset objects unloaded after import = 1

========================================================================
Received Import Request.
  Time since last request: 0.000065 seconds.
  path: Assets/Prefabs/Characters/Enemies/Bosses/FlameWizard/Skill_FlameWizard_FlameOrb/Skill_FlameWizard_FlameOrb_FireDamage.asset
  artifactKey: Guid(402150e4c38eae247b1ff9b2b25c45b5) Importer(2089858483,192608db42251d675da83286b1cce702)
Start importing Assets/Prefabs/Characters/Enemies/Bosses/FlameWizard/Skill_FlameWizard_FlameOrb/Skill_FlameWizard_FlameOrb_FireDamage.asset using Guid(402150e4c38eae247b1ff9b2b25c45b5) Importer(2089858483,192608db42251d675da83286b1cce702) (ScriptedImporter) -> (artifact id: 'd877c637576170328f30f7f61eff7448') in 0.0079634 seconds
Number of updated asset objects reloaded before import = 0Number of asset objects unloaded after import = 1

========================================================================
Received Import Request.
  Time since last request: 46.864828 seconds.
  path: Assets/Prefabs/Environment/Buildings/Forest/Barn.prefab
  artifactKey: Guid(2e833398cccc3a44f851640eebe2fc81) Importer(2089858483,192608db42251d675da83286b1cce702)
Start importing Assets/Prefabs/Environment/Buildings/Forest/Barn.prefab using Guid(2e833398cccc3a44f851640eebe2fc81) Importer(2089858483,192608db42251d675da83286b1cce702) (ScriptedImporter) -> (artifact id: '2aeb16f57febfb20717e7b4879294cdf') in 0.0149626 seconds
Number of updated asset objects reloaded before import = 0Number of asset objects unloaded after import = 214

========================================================================
Received Import Request.
  Time since last request: 6.220834 seconds.
  path: Assets/Prefabs/Environment/Buildings/Forest/Barn.prefab
  artifactKey: Guid(2e833398cccc3a44f851640eebe2fc81) Importer(2089858483,192608db42251d675da83286b1cce702)
Start importing Assets/Prefabs/Environment/Buildings/Forest/Barn.prefab using Guid(2e833398cccc3a44f851640eebe2fc81) Importer(2089858483,192608db42251d675da83286b1cce702) (ScriptedImporter) -> (artifact id: '29a293f3c21b2bb092ce9d14c4ec7067') in 0.0119415 seconds
Number of updated asset objects reloaded before import = 0Number of asset objects unloaded after import = 214

========================================================================
Received Import Request.
  Time since last request: 3.198421 seconds.
  path: Assets/Prefabs/Environment/Buildings/Forest/Barn.prefab
  artifactKey: Guid(2e833398cccc3a44f851640eebe2fc81) Importer(2089858483,192608db42251d675da83286b1cce702)
Start importing Assets/Prefabs/Environment/Buildings/Forest/Barn.prefab using Guid(2e833398cccc3a44f851640eebe2fc81) Importer(2089858483,192608db42251d675da83286b1cce702) (ScriptedImporter) -> (artifact id: '6ac230af923c86cfe2cdc1711d7f3af3') in 0.0112746 seconds
Number of updated asset objects reloaded before import = 0Number of asset objects unloaded after import = 214

========================================================================
Received Import Request.
  Time since last request: 20.129025 seconds.
  path: Assets/Prefabs/Environment/Buildings/Forest/Barn.prefab
  artifactKey: Guid(2e833398cccc3a44f851640eebe2fc81) Importer(2089858483,192608db42251d675da83286b1cce702)
Start importing Assets/Prefabs/Environment/Buildings/Forest/Barn.prefab using Guid(2e833398cccc3a44f851640eebe2fc81) Importer(2089858483,192608db42251d675da83286b1cce702) (ScriptedImporter) -> (artifact id: 'b6b5e8bb35dc9355790904edc900fa64') in 0.0131474 seconds
Number of updated asset objects reloaded before import = 0Number of asset objects unloaded after import = 209

========================================================================
Received Import Request.
  Time since last request: 2.804658 seconds.
  path: Assets/Prefabs/Environment/Buildings/Forest/Barn.prefab
  artifactKey: Guid(2e833398cccc3a44f851640eebe2fc81) Importer(2089858483,192608db42251d675da83286b1cce702)
Start importing Assets/Prefabs/Environment/Buildings/Forest/Barn.prefab using Guid(2e833398cccc3a44f851640eebe2fc81) Importer(2089858483,192608db42251d675da83286b1cce702) (ScriptedImporter) -> (artifact id: '9473ad57b1a122e68e6dc629264990bb') in 0.0128941 seconds
Number of updated asset objects reloaded before import = 0Number of asset objects unloaded after import = 114

========================================================================
Received Import Request.
  Time since last request: 2.469383 seconds.
  path: Assets/Prefabs/Environment/Buildings/Forest/Barn.prefab
  artifactKey: Guid(2e833398cccc3a44f851640eebe2fc81) Importer(2089858483,192608db42251d675da83286b1cce702)
Start importing Assets/Prefabs/Environment/Buildings/Forest/Barn.prefab using Guid(2e833398cccc3a44f851640eebe2fc81) Importer(2089858483,192608db42251d675da83286b1cce702) (ScriptedImporter) -> (artifact id: 'fdb6c43e92adfc390e7957513220426e') in 0.0094794 seconds
Number of updated asset objects reloaded before import = 0Number of asset objects unloaded after import = 114

========================================================================
Received Import Request.
  Time since last request: 18.423859 seconds.
  path: Assets/Prefabs/Environment/Buildings/Forest/Barn.prefab
  artifactKey: Guid(2e833398cccc3a44f851640eebe2fc81) Importer(815301076,1909f56bfc062723c751e8b465ee728b)
Start importing Assets/Prefabs/Environment/Buildings/Forest/Barn.prefab using Guid(2e833398cccc3a44f851640eebe2fc81) Importer(815301076,1909f56bfc062723c751e8b465ee728b) (PreviewImporter) -> (artifact id: 'f50bcd2d6135525bb5ecd4b95bf949b3') in 0.0170058 seconds
Number of updated asset objects reloaded before import = 0Number of asset objects unloaded after import = 222

========================================================================
Received Import Request.
  Time since last request: 27.330779 seconds.
  path: Assets/Prefabs/Environment/Buildings/Snow/BarnSnow.prefab
  artifactKey: Guid(4cbcb1740bf97ee4e8545113ecf8da71) Importer(815301076,1909f56bfc062723c751e8b465ee728b)
Start importing Assets/Prefabs/Environment/Buildings/Snow/BarnSnow.prefab using Guid(4cbcb1740bf97ee4e8545113ecf8da71) Importer(815301076,1909f56bfc062723c751e8b465ee728b) (PreviewImporter) -> (artifact id: 'dcd08af36f5b37693d9c89fe5cbbfeb9') in 0.0011139 seconds
Number of updated asset objects reloaded before import = 0Number of asset objects unloaded after import = 5

========================================================================
Received Import Request.
  Time since last request: 0.963322 seconds.
  path: Assets/Prefabs/Environment/Buildings/Snow/BarnSnow.prefab
  artifactKey: Guid(4cbcb1740bf97ee4e8545113ecf8da71) Importer(2089858483,192608db42251d675da83286b1cce702)
Start importing Assets/Prefabs/Environment/Buildings/Snow/BarnSnow.prefab using Guid(4cbcb1740bf97ee4e8545113ecf8da71) Importer(2089858483,192608db42251d675da83286b1cce702) (ScriptedImporter) -> (artifact id: 'e44744189fc68a80594f83bf8f6b5f7d') in 0.0122897 seconds
Number of updated asset objects reloaded before import = 0Number of asset objects unloaded after import = 5

========================================================================
Received Import Request.
  Time since last request: 5.183196 seconds.
  path: Assets/Prefabs/Environment/Buildings/Snow/BarnSnow.prefab
  artifactKey: Guid(4cbcb1740bf97ee4e8545113ecf8da71) Importer(815301076,1909f56bfc062723c751e8b465ee728b)
Start importing Assets/Prefabs/Environment/Buildings/Snow/BarnSnow.prefab using Guid(4cbcb1740bf97ee4e8545113ecf8da71) Importer(815301076,1909f56bfc062723c751e8b465ee728b) (PreviewImporter) -> (artifact id: '9ef7cb703117f2c38a69c1c7fd768612') in 0.0109938 seconds
Number of updated asset objects reloaded before import = 0Number of asset objects unloaded after import = 222

========================================================================
Received Import Request.
  Time since last request: 0.950705 seconds.
  path: Assets/Prefabs/Environment/Buildings/Snow/BarnSnow.prefab
  artifactKey: Guid(4cbcb1740bf97ee4e8545113ecf8da71) Importer(2089858483,192608db42251d675da83286b1cce702)
Start importing Assets/Prefabs/Environment/Buildings/Snow/BarnSnow.prefab using Guid(4cbcb1740bf97ee4e8545113ecf8da71) Importer(2089858483,192608db42251d675da83286b1cce702) (ScriptedImporter) -> (artifact id: '5077f5925aeb3532a0a39e7ef7cb22aa') in 0.0132613 seconds
Number of updated asset objects reloaded before import = 0Number of asset objects unloaded after import = 114

========================================================================
Received Import Request.
  Time since last request: 18.747733 seconds.
  path: Assets/Materials/SnowMats/RoofSnow.mat
  artifactKey: Guid(01d106a11eb69584b938535ae3219916) Importer(815301076,1909f56bfc062723c751e8b465ee728b)
Start importing Assets/Materials/SnowMats/RoofSnow.mat using Guid(01d106a11eb69584b938535ae3219916) Importer(815301076,1909f56bfc062723c751e8b465ee728b) (PreviewImporter) -> (artifact id: '1ca0f469e770ae650d6507bbc226ec13') in 0.0135874 seconds
Number of updated asset objects reloaded before import = 0Number of asset objects unloaded after import = 4

========================================================================
Received Import Request.
  Time since last request: 2.107005 seconds.
  path: Assets/Prefabs/Environment/Buildings/Snow/BarnSnow.prefab
  artifactKey: Guid(4cbcb1740bf97ee4e8545113ecf8da71) Importer(815301076,1909f56bfc062723c751e8b465ee728b)
Start importing Assets/Prefabs/Environment/Buildings/Snow/BarnSnow.prefab using Guid(4cbcb1740bf97ee4e8545113ecf8da71) Importer(815301076,1909f56bfc062723c751e8b465ee728b) (PreviewImporter) -> (artifact id: '25b2f0cc3889cdb709de47e1b5b2a8cf') in 0.015073 seconds
Number of updated asset objects reloaded before import = 0Number of asset objects unloaded after import = 226

========================================================================
Received Import Request.
  Time since last request: 0.945935 seconds.
  path: Assets/Prefabs/Environment/Buildings/Snow/BarnSnow.prefab
  artifactKey: Guid(4cbcb1740bf97ee4e8545113ecf8da71) Importer(2089858483,192608db42251d675da83286b1cce702)
Start importing Assets/Prefabs/Environment/Buildings/Snow/BarnSnow.prefab using Guid(4cbcb1740bf97ee4e8545113ecf8da71) Importer(2089858483,192608db42251d675da83286b1cce702) (ScriptedImporter) -> (artifact id: '2aaca1bc989882b7a06a6a084f206d9c') in 0.0155341 seconds
Number of updated asset objects reloaded before import = 0Number of asset objects unloaded after import = 114

========================================================================
Received Import Request.
  Time since last request: 41.574940 seconds.
  path: Assets/Textures/Environment/Chest.png
  artifactKey: Guid(7cb1008171c47fd4087bab95bd227935) Importer(815301076,1909f56bfc062723c751e8b465ee728b)
Start importing Assets/Textures/Environment/Chest.png using Guid(7cb1008171c47fd4087bab95bd227935) Importer(815301076,1909f56bfc062723c751e8b465ee728b) (PreviewImporter)[Licensing::Client] Successfully resolved entitlement details
[Licensing::Module] License group:
  Id: F4-BVAN-SGGT-E88F-YTNH-XXXX
  Product: Unity Personal
  Type: ULF
  Expiration: Unlimited
[Licensing::Module] License group:
  Id: 736993-UnityPersXXXX
  Product: Unity Personal
  Type: Assigned
  Expiration: Unlimited
 -> (artifact id: '24aa23238351dfb2a894aae56e7170ff') in 0.0181108 seconds
Number of updated asset objects reloaded before import = 0Number of asset objects unloaded after import = 2

========================================================================
Received Import Request.
  Time since last request: 0.000016 seconds.
  path: Assets/Prefabs/Weapons/Weapon_Staff/ChestDrop_Weapon_Staff.prefab
  artifactKey: Guid(03fdaa9673364084e8af74d996f502fd) Importer(815301076,1909f56bfc062723c751e8b465ee728b)
Start importing Assets/Prefabs/Weapons/Weapon_Staff/ChestDrop_Weapon_Staff.prefab using Guid(03fdaa9673364084e8af74d996f502fd) Importer(815301076,1909f56bfc062723c751e8b465ee728b) (PreviewImporter) -> (artifact id: '2bafe324ae2f9fc98eb77f537fcc64f7') in 0.0042144 seconds
Number of updated asset objects reloaded before import = 0Number of asset objects unloaded after import = 52

========================================================================
Received Import Request.
  Time since last request: 0.000010 seconds.
  path: Assets/Prefabs/Elements/Element_Frost/ChestDrop_Element_Ice.prefab
  artifactKey: Guid(1927786a54e5ca947825fc37abe83c0b) Importer(815301076,1909f56bfc062723c751e8b465ee728b)
Start importing Assets/Prefabs/Elements/Element_Frost/ChestDrop_Element_Ice.prefab using Guid(1927786a54e5ca947825fc37abe83c0b) Importer(815301076,1909f56bfc062723c751e8b465ee728b) (PreviewImporter) -> (artifact id: '554bbb0841c194b23bf4d0c2ff61b80d') in 0.0164565 seconds
Number of updated asset objects reloaded before import = 0Number of asset objects unloaded after import = 144

========================================================================
Received Import Request.
  Time since last request: 0.000012 seconds.
  path: Assets/Prefabs/Weapons/Weapon_Mace/ChestDrop_Weapon_Mace.prefab
  artifactKey: Guid(1d8eff4accf965446a89a99603b0f715) Importer(815301076,1909f56bfc062723c751e8b465ee728b)
Start importing Assets/Prefabs/Weapons/Weapon_Mace/ChestDrop_Weapon_Mace.prefab using Guid(1d8eff4accf965446a89a99603b0f715) Importer(815301076,1909f56bfc062723c751e8b465ee728b) (PreviewImporter) -> (artifact id: '293de965a05accce1d187fd4b9941b44') in 0.0054228 seconds
Number of updated asset objects reloaded before import = 0Number of asset objects unloaded after import = 61

========================================================================
Received Import Request.
  Time since last request: 0.000012 seconds.
  path: Assets/Prefabs/Weapons/Weapon_Sword/ChestDrop_Weapon_Sword.prefab
  artifactKey: Guid(8586b33b6ed530c42825dc04bda826c5) Importer(815301076,1909f56bfc062723c751e8b465ee728b)
Start importing Assets/Prefabs/Weapons/Weapon_Sword/ChestDrop_Weapon_Sword.prefab using Guid(8586b33b6ed530c42825dc04bda826c5) Importer(815301076,1909f56bfc062723c751e8b465ee728b) (PreviewImporter) -> (artifact id: '85886ddf73ad464f0e27582a6affe3e9') in 0.0054539 seconds
Number of updated asset objects reloaded before import = 0Number of asset objects unloaded after import = 65

========================================================================
Received Import Request.
  Time since last request: 0.000009 seconds.
  path: Assets/Prefabs/Elements/Element_Fire/ChestDrop_Element_Fire.prefab
  artifactKey: Guid(7d8a341c29478cc4189ff7374b77f8f8) Importer(815301076,1909f56bfc062723c751e8b465ee728b)
Start importing Assets/Prefabs/Elements/Element_Fire/ChestDrop_Element_Fire.prefab using Guid(7d8a341c29478cc4189ff7374b77f8f8) Importer(815301076,1909f56bfc062723c751e8b465ee728b) (PreviewImporter) -> (artifact id: 'a06eea7e2c94a4b43ef3cf1cfdeed072') in 0.0137013 seconds
Number of updated asset objects reloaded before import = 0Number of asset objects unloaded after import = 150

========================================================================
Received Import Request.
  Time since last request: 0.000010 seconds.
  path: Assets/Prefabs/Elements/Element_Shock/ChestDrop_Element_Shock.prefab
  artifactKey: Guid(fa7f38042aca43e498e46c0fe3a58117) Importer(815301076,1909f56bfc062723c751e8b465ee728b)
Start importing Assets/Prefabs/Elements/Element_Shock/ChestDrop_Element_Shock.prefab using Guid(fa7f38042aca43e498e46c0fe3a58117) Importer(815301076,1909f56bfc062723c751e8b465ee728b) (PreviewImporter) -> (artifact id: '7412dbceddc5c8480411117495f8ca82') in 0.0134808 seconds
Number of updated asset objects reloaded before import = 0Number of asset objects unloaded after import = 129

========================================================================
Received Import Request.
  Time since last request: 6.844050 seconds.
  path: Assets/Prefabs/Chest.prefab
  artifactKey: Guid(e612d936e55be174ebe55fbe2e05712a) Importer(815301076,1909f56bfc062723c751e8b465ee728b)
Start importing Assets/Prefabs/Chest.prefab using Guid(e612d936e55be174ebe55fbe2e05712a) Importer(815301076,1909f56bfc062723c751e8b465ee728b) (PreviewImporter) -> (artifact id: '75441ff13fad0373da8a6e2b4d208935') in 0.0137585 seconds
Number of updated asset objects reloaded before import = 0Number of asset objects unloaded after import = 55

========================================================================
Received Import Request.
  Time since last request: 0.946512 seconds.
  path: Assets/Prefabs/Chest.prefab
  artifactKey: Guid(e612d936e55be174ebe55fbe2e05712a) Importer(2089858483,192608db42251d675da83286b1cce702)
Start importing Assets/Prefabs/Chest.prefab using Guid(e612d936e55be174ebe55fbe2e05712a) Importer(2089858483,192608db42251d675da83286b1cce702) (ScriptedImporter) -> (artifact id: '733f73b8e86e61c5c160bab6f92c726e') in 0.0214827 seconds
Number of updated asset objects reloaded before import = 0Number of asset objects unloaded after import = 37

========================================================================
Received Import Request.
  Time since last request: 0.824846 seconds.
  path: Assets/Prefabs/Chest.prefab
  artifactKey: Guid(e612d936e55be174ebe55fbe2e05712a) Importer(815301076,1909f56bfc062723c751e8b465ee728b)
Start importing Assets/Prefabs/Chest.prefab using Guid(e612d936e55be174ebe55fbe2e05712a) Importer(815301076,1909f56bfc062723c751e8b465ee728b) (PreviewImporter) -> (artifact id: '4f53e9eb1b6e79f21fe695bde317ba44') in 0.0131471 seconds
Number of updated asset objects reloaded before import = 0Number of asset objects unloaded after import = 55

========================================================================
Received Import Request.
  Time since last request: 1.581950 seconds.
  path: Assets/Prefabs/Chest.prefab
  artifactKey: Guid(e612d936e55be174ebe55fbe2e05712a) Importer(2089858483,192608db42251d675da83286b1cce702)
Start importing Assets/Prefabs/Chest.prefab using Guid(e612d936e55be174ebe55fbe2e05712a) Importer(2089858483,192608db42251d675da83286b1cce702) (ScriptedImporter) -> (artifact id: 'f914ff4c02bbc69a36855b92a8a2c66d') in 0.0149 seconds
Number of updated asset objects reloaded before import = 0Number of asset objects unloaded after import = 37

========================================================================
Received Import Request.
  Time since last request: 1.588957 seconds.
  path: Assets/Prefabs/Chest.prefab
  artifactKey: Guid(e612d936e55be174ebe55fbe2e05712a) Importer(815301076,1909f56bfc062723c751e8b465ee728b)
Start importing Assets/Prefabs/Chest.prefab using Guid(e612d936e55be174ebe55fbe2e05712a) Importer(815301076,1909f56bfc062723c751e8b465ee728b) (PreviewImporter) -> (artifact id: '0501021e1f09fc71ddc4276585c0c936') in 0.0123235 seconds
Number of updated asset objects reloaded before import = 0Number of asset objects unloaded after import = 55

========================================================================
Received Import Request.
  Time since last request: 0.947014 seconds.
  path: Assets/Prefabs/Chest.prefab
  artifactKey: Guid(e612d936e55be174ebe55fbe2e05712a) Importer(2089858483,192608db42251d675da83286b1cce702)
Start importing Assets/Prefabs/Chest.prefab using Guid(e612d936e55be174ebe55fbe2e05712a) Importer(2089858483,192608db42251d675da83286b1cce702) (ScriptedImporter) -> (artifact id: '054c84ad6510c76710681b6c05972566') in 0.0167126 seconds
Number of updated asset objects reloaded before import = 0Number of asset objects unloaded after import = 37

========================================================================
Received Import Request.
  Time since last request: 2.825063 seconds.
  path: Assets/Prefabs/Chest.prefab
  artifactKey: Guid(e612d936e55be174ebe55fbe2e05712a) Importer(815301076,1909f56bfc062723c751e8b465ee728b)
Start importing Assets/Prefabs/Chest.prefab using Guid(e612d936e55be174ebe55fbe2e05712a) Importer(815301076,1909f56bfc062723c751e8b465ee728b) (PreviewImporter) -> (artifact id: '1b539ca3dc004d7331fdb5ebacb4c178') in 0.0118184 seconds
Number of updated asset objects reloaded before import = 0Number of asset objects unloaded after import = 55

========================================================================
Received Import Request.
  Time since last request: 0.947584 seconds.
  path: Assets/Prefabs/Chest.prefab
  artifactKey: Guid(e612d936e55be174ebe55fbe2e05712a) Importer(2089858483,192608db42251d675da83286b1cce702)
Start importing Assets/Prefabs/Chest.prefab using Guid(e612d936e55be174ebe55fbe2e05712a) Importer(2089858483,192608db42251d675da83286b1cce702) (ScriptedImporter) -> (artifact id: '7bc1852d3f20f7accdff33b9c2c017ae') in 0.0193395 seconds
Number of updated asset objects reloaded before import = 0Number of asset objects unloaded after import = 37

========================================================================
Received Import Request.
  Time since last request: 8.092928 seconds.
  path: Assets/Prefabs/Chest.prefab
  artifactKey: Guid(e612d936e55be174ebe55fbe2e05712a) Importer(815301076,1909f56bfc062723c751e8b465ee728b)
Start importing Assets/Prefabs/Chest.prefab using Guid(e612d936e55be174ebe55fbe2e05712a) Importer(815301076,1909f56bfc062723c751e8b465ee728b) (PreviewImporter) -> (artifact id: 'a267cbefcd42a77ef3dc52c95feee784') in 0.0133411 seconds
Number of updated asset objects reloaded before import = 0Number of asset objects unloaded after import = 55

========================================================================
Received Import Request.
  Time since last request: 0.940030 seconds.
  path: Assets/Prefabs/Chest.prefab
  artifactKey: Guid(e612d936e55be174ebe55fbe2e05712a) Importer(2089858483,192608db42251d675da83286b1cce702)
Start importing Assets/Prefabs/Chest.prefab using Guid(e612d936e55be174ebe55fbe2e05712a) Importer(2089858483,192608db42251d675da83286b1cce702) (ScriptedImporter) -> (artifact id: 'ab34762d3c9b41477dae624d5b10f611') in 0.0188015 seconds
Number of updated asset objects reloaded before import = 0Number of asset objects unloaded after import = 37

========================================================================
Received Import Request.
  Time since last request: 2.857924 seconds.
  path: Assets/Prefabs/Chest.prefab
  artifactKey: Guid(e612d936e55be174ebe55fbe2e05712a) Importer(815301076,1909f56bfc062723c751e8b465ee728b)
Start importing Assets/Prefabs/Chest.prefab using Guid(e612d936e55be174ebe55fbe2e05712a) Importer(815301076,1909f56bfc062723c751e8b465ee728b) (PreviewImporter) -> (artifact id: '10212efdb123a1f3d172269600d03d1d') in 0.0139051 seconds
Number of updated asset objects reloaded before import = 0Number of asset objects unloaded after import = 55

========================================================================
Received Import Request.
  Time since last request: 3.001260 seconds.
  path: Assets/Prefabs/Chest.prefab
  artifactKey: Guid(e612d936e55be174ebe55fbe2e05712a) Importer(815301076,1909f56bfc062723c751e8b465ee728b)
Start importing Assets/Prefabs/Chest.prefab using Guid(e612d936e55be174ebe55fbe2e05712a) Importer(815301076,1909f56bfc062723c751e8b465ee728b) (PreviewImporter) -> (artifact id: 'ba340340f7ea338a013335a51aed03e6') in 0.0133681 seconds
Number of updated asset objects reloaded before import = 0Number of asset objects unloaded after import = 55

========================================================================
Received Import Request.
  Time since last request: 0.602871 seconds.
  path: Assets/Prefabs/Chest.prefab
  artifactKey: Guid(e612d936e55be174ebe55fbe2e05712a) Importer(2089858483,192608db42251d675da83286b1cce702)
Start importing Assets/Prefabs/Chest.prefab using Guid(e612d936e55be174ebe55fbe2e05712a) Importer(2089858483,192608db42251d675da83286b1cce702) (ScriptedImporter) -> (artifact id: '83f92dc744302a430bd973d1db662b92') in 0.0188345 seconds
Number of updated asset objects reloaded before import = 0Number of asset objects unloaded after import = 37

========================================================================
Received Import Request.
  Time since last request: 7.003824 seconds.
  path: Assets/Prefabs/Chest.prefab
  artifactKey: Guid(e612d936e55be174ebe55fbe2e05712a) Importer(815301076,1909f56bfc062723c751e8b465ee728b)
Start importing Assets/Prefabs/Chest.prefab using Guid(e612d936e55be174ebe55fbe2e05712a) Importer(815301076,1909f56bfc062723c751e8b465ee728b) (PreviewImporter) -> (artifact id: '51aaedee0d4a4d64d9c98b3b44ca6cfa') in 0.0075768 seconds
Number of updated asset objects reloaded before import = 0Number of asset objects unloaded after import = 55

========================================================================
Received Import Request.
  Time since last request: 0.954184 seconds.
  path: Assets/Prefabs/Chest.prefab
  artifactKey: Guid(e612d936e55be174ebe55fbe2e05712a) Importer(2089858483,192608db42251d675da83286b1cce702)
Start importing Assets/Prefabs/Chest.prefab using Guid(e612d936e55be174ebe55fbe2e05712a) Importer(2089858483,192608db42251d675da83286b1cce702) (ScriptedImporter) -> (artifact id: '720302a0f780720b82b8bb7464f3ed0a') in 0.0186226 seconds
Number of updated asset objects reloaded before import = 0Number of asset objects unloaded after import = 37

========================================================================
Received Import Request.
  Time since last request: 7.510226 seconds.
  path: Assets/Prefabs/Chest.prefab
  artifactKey: Guid(e612d936e55be174ebe55fbe2e05712a) Importer(815301076,1909f56bfc062723c751e8b465ee728b)
Start importing Assets/Prefabs/Chest.prefab using Guid(e612d936e55be174ebe55fbe2e05712a) Importer(815301076,1909f56bfc062723c751e8b465ee728b) (PreviewImporter) -> (artifact id: 'f5344ba1aacc986bcbb2c1f8ec05bcc6') in 0.0126736 seconds
Number of updated asset objects reloaded before import = 0Number of asset objects unloaded after import = 55

========================================================================
Received Import Request.
  Time since last request: 0.948649 seconds.
  path: Assets/Prefabs/Chest.prefab
  artifactKey: Guid(e612d936e55be174ebe55fbe2e05712a) Importer(2089858483,192608db42251d675da83286b1cce702)
Start importing Assets/Prefabs/Chest.prefab using Guid(e612d936e55be174ebe55fbe2e05712a) Importer(2089858483,192608db42251d675da83286b1cce702) (ScriptedImporter) -> (artifact id: '3ff0ed053e71b8a900b99b17a9e71afc') in 0.0196055 seconds
Number of updated asset objects reloaded before import = 0Number of asset objects unloaded after import = 37

========================================================================
Received Import Request.
  Time since last request: 1.849515 seconds.
  path: Assets/Prefabs/Chest.prefab
  artifactKey: Guid(e612d936e55be174ebe55fbe2e05712a) Importer(815301076,1909f56bfc062723c751e8b465ee728b)
Start importing Assets/Prefabs/Chest.prefab using Guid(e612d936e55be174ebe55fbe2e05712a) Importer(815301076,1909f56bfc062723c751e8b465ee728b) (PreviewImporter) -> (artifact id: '06ca7b4bb717168110e5ba308845d182') in 0.0122917 seconds
Number of updated asset objects reloaded before import = 0Number of asset objects unloaded after import = 55

========================================================================
Received Import Request.
  Time since last request: 0.946891 seconds.
  path: Assets/Prefabs/Chest.prefab
  artifactKey: Guid(e612d936e55be174ebe55fbe2e05712a) Importer(2089858483,192608db42251d675da83286b1cce702)
Start importing Assets/Prefabs/Chest.prefab using Guid(e612d936e55be174ebe55fbe2e05712a) Importer(2089858483,192608db42251d675da83286b1cce702) (ScriptedImporter) -> (artifact id: 'ed3854d08a65a2bab9f5ea17a5b2d77c') in 0.0200605 seconds
Number of updated asset objects reloaded before import = 0Number of asset objects unloaded after import = 37

========================================================================
Received Import Request.
  Time since last request: 6.275990 seconds.
  path: Assets/Prefabs/Chest.prefab
  artifactKey: Guid(e612d936e55be174ebe55fbe2e05712a) Importer(815301076,1909f56bfc062723c751e8b465ee728b)
Start importing Assets/Prefabs/Chest.prefab using Guid(e612d936e55be174ebe55fbe2e05712a) Importer(815301076,1909f56bfc062723c751e8b465ee728b) (PreviewImporter) -> (artifact id: 'ded60b50bc0b0e465ac1143ec26386c6') in 0.0120049 seconds
Number of updated asset objects reloaded before import = 0Number of asset objects unloaded after import = 55

========================================================================
Received Import Request.
  Time since last request: 0.944922 seconds.
  path: Assets/Prefabs/Chest.prefab
  artifactKey: Guid(e612d936e55be174ebe55fbe2e05712a) Importer(2089858483,192608db42251d675da83286b1cce702)
Start importing Assets/Prefabs/Chest.prefab using Guid(e612d936e55be174ebe55fbe2e05712a) Importer(2089858483,192608db42251d675da83286b1cce702) (ScriptedImporter) -> (artifact id: 'b6a832d80ff18d9496424e66acb5dd37') in 0.0202876 seconds
Number of updated asset objects reloaded before import = 0Number of asset objects unloaded after import = 37

========================================================================
Received Import Request.
  Time since last request: 2.638911 seconds.
  path: Assets/Prefabs/Chest.prefab
  artifactKey: Guid(e612d936e55be174ebe55fbe2e05712a) Importer(815301076,1909f56bfc062723c751e8b465ee728b)
Start importing Assets/Prefabs/Chest.prefab using Guid(e612d936e55be174ebe55fbe2e05712a) Importer(815301076,1909f56bfc062723c751e8b465ee728b) (PreviewImporter) -> (artifact id: '9d432a3e686543f1ca1bbd029208b2bc') in 0.0120355 seconds
Number of updated asset objects reloaded before import = 0Number of asset objects unloaded after import = 55

========================================================================
Received Import Request.
  Time since last request: 0.948399 seconds.
  path: Assets/Prefabs/Chest.prefab
  artifactKey: Guid(e612d936e55be174ebe55fbe2e05712a) Importer(2089858483,192608db42251d675da83286b1cce702)
Start importing Assets/Prefabs/Chest.prefab using Guid(e612d936e55be174ebe55fbe2e05712a) Importer(2089858483,192608db42251d675da83286b1cce702) (ScriptedImporter) -> (artifact id: 'd994ec5d3c7dc13e0115b488d052273f') in 0.0201538 seconds
Number of updated asset objects reloaded before import = 0Number of asset objects unloaded after import = 37

========================================================================
Received Import Request.
  Time since last request: 192.460098 seconds.
  path: Assets/Scenes/TerrainGeneration.unity
  artifactKey: Guid(876ff7dc90e0ef448bc67c7dc7077548) Importer(2089858483,192608db42251d675da83286b1cce702)
Start importing Assets/Scenes/TerrainGeneration.unity using Guid(876ff7dc90e0ef448bc67c7dc7077548) Importer(2089858483,192608db42251d675da83286b1cce702) (ScriptedImporter) -> (artifact id: '2a3c13d5cd722efb149e426b0b0c750c') in 0.0315457 seconds
Number of updated asset objects reloaded before import = 0Number of asset objects unloaded after import = 1

========================================================================
Received Import Request.
  Time since last request: 22.874473 seconds.
  path: Assets/Prefabs/Environment/Buildings/Snow/BHouseSnow.prefab
  artifactKey: Guid(a9334b486aa7d34439ec878dfc219f32) Importer(815301076,1909f56bfc062723c751e8b465ee728b)
Start importing Assets/Prefabs/Environment/Buildings/Snow/BHouseSnow.prefab using Guid(a9334b486aa7d34439ec878dfc219f32) Importer(815301076,1909f56bfc062723c751e8b465ee728b) (PreviewImporter) -> (artifact id: '74deb592b480907af3062c21159195b1') in 0.0187994 seconds
Number of updated asset objects reloaded before import = 0Number of asset objects unloaded after import = 280

========================================================================
Received Import Request.
  Time since last request: 9.827095 seconds.
  path: Assets/Prefabs/Environment/Buildings/Snow/LumberMillSnow.prefab
  artifactKey: Guid(9277523e8471957478af1560a6d0f565) Importer(815301076,1909f56bfc062723c751e8b465ee728b)
Start importing Assets/Prefabs/Environment/Buildings/Snow/LumberMillSnow.prefab using Guid(9277523e8471957478af1560a6d0f565) Importer(815301076,1909f56bfc062723c751e8b465ee728b) (PreviewImporter) -> (artifact id: '8426120ec3fc07fab3b3dbad4ec60a1b') in 0.0158955 seconds
Number of updated asset objects reloaded before import = 0Number of asset objects unloaded after import = 247

========================================================================
Received Import Request.
  Time since last request: 4.494635 seconds.
  path: Assets/Prefabs/Environment/Buildings/Forest/LumberMill.prefab
  artifactKey: Guid(c9c2be32731c75646ad5520db8f5d797) Importer(815301076,1909f56bfc062723c751e8b465ee728b)
Start importing Assets/Prefabs/Environment/Buildings/Forest/LumberMill.prefab using Guid(c9c2be32731c75646ad5520db8f5d797) Importer(815301076,1909f56bfc062723c751e8b465ee728b) (PreviewImporter) -> (artifact id: '4e7bd096a6154b15517424ff760e7f8f') in 0.0149212 seconds
Number of updated asset objects reloaded before import = 0Number of asset objects unloaded after import = 356

========================================================================
Received Import Request.
  Time since last request: 0.946013 seconds.
  path: Assets/Prefabs/Environment/Buildings/Forest/LumberMill.prefab
  artifactKey: Guid(c9c2be32731c75646ad5520db8f5d797) Importer(2089858483,192608db42251d675da83286b1cce702)
Start importing Assets/Prefabs/Environment/Buildings/Forest/LumberMill.prefab using Guid(c9c2be32731c75646ad5520db8f5d797) Importer(2089858483,192608db42251d675da83286b1cce702) (ScriptedImporter) -> (artifact id: '802523068fc1bd78cce2eb92800c3a16') in 0.0138919 seconds
Number of updated asset objects reloaded before import = 0Number of asset objects unloaded after import = 236

========================================================================
Received Import Request.
  Time since last request: 1.837352 seconds.
  path: Assets/Prefabs/Environment/Buildings/Forest/LumberMill.prefab
  artifactKey: Guid(c9c2be32731c75646ad5520db8f5d797) Importer(815301076,1909f56bfc062723c751e8b465ee728b)
Start importing Assets/Prefabs/Environment/Buildings/Forest/LumberMill.prefab using Guid(c9c2be32731c75646ad5520db8f5d797) Importer(815301076,1909f56bfc062723c751e8b465ee728b) (PreviewImporter) -> (artifact id: 'beaf0f720404b7bb4b18f0122b09b0ea') in 0.0165799 seconds
Number of updated asset objects reloaded before import = 0Number of asset objects unloaded after import = 246

========================================================================
Received Import Request.
  Time since last request: 0.937615 seconds.
  path: Assets/Prefabs/Environment/Buildings/Forest/LumberMill.prefab
  artifactKey: Guid(c9c2be32731c75646ad5520db8f5d797) Importer(2089858483,192608db42251d675da83286b1cce702)
Start importing Assets/Prefabs/Environment/Buildings/Forest/LumberMill.prefab using Guid(c9c2be32731c75646ad5520db8f5d797) Importer(2089858483,192608db42251d675da83286b1cce702) (ScriptedImporter) -> (artifact id: 'c09acf4152b3be80b554c57896320db8') in 0.0140494 seconds
Number of updated asset objects reloaded before import = 0Number of asset objects unloaded after import = 126

========================================================================
Received Import Request.
  Time since last request: 1.240060 seconds.
  path: Assets/Prefabs/Environment/Buildings/Forest/LumberMill.prefab
  artifactKey: Guid(c9c2be32731c75646ad5520db8f5d797) Importer(815301076,1909f56bfc062723c751e8b465ee728b)
Start importing Assets/Prefabs/Environment/Buildings/Forest/LumberMill.prefab using Guid(c9c2be32731c75646ad5520db8f5d797) Importer(815301076,1909f56bfc062723c751e8b465ee728b) (PreviewImporter) -> (artifact id: 'b5ccbb1ed19772fcbe0fa70042f332c9') in 0.0077878 seconds
Number of updated asset objects reloaded before import = 0Number of asset objects unloaded after import = 246

========================================================================
Received Import Request.
  Time since last request: 0.198866 seconds.
  path: Assets/Prefabs/Environment/Buildings/Forest/LumberMill.prefab
  artifactKey: Guid(c9c2be32731c75646ad5520db8f5d797) Importer(815301076,1909f56bfc062723c751e8b465ee728b)
Start importing Assets/Prefabs/Environment/Buildings/Forest/LumberMill.prefab using Guid(c9c2be32731c75646ad5520db8f5d797) Importer(815301076,1909f56bfc062723c751e8b465ee728b) (PreviewImporter) -> (artifact id: 'ea786d666995edf7752dd3ff06c3e654') in 0.0067289 seconds
Number of updated asset objects reloaded before import = 0Number of asset objects unloaded after import = 246

========================================================================
Received Import Request.
  Time since last request: 0.600259 seconds.
  path: Assets/Prefabs/Environment/Buildings/Forest/LumberMill.prefab
  artifactKey: Guid(c9c2be32731c75646ad5520db8f5d797) Importer(815301076,1909f56bfc062723c751e8b465ee728b)
Start importing Assets/Prefabs/Environment/Buildings/Forest/LumberMill.prefab using Guid(c9c2be32731c75646ad5520db8f5d797) Importer(815301076,1909f56bfc062723c751e8b465ee728b) (PreviewImporter) -> (artifact id: '5d5648dded2d26dab926bdd1cddd7be2') in 0.0074975 seconds
Number of updated asset objects reloaded before import = 0Number of asset objects unloaded after import = 246

========================================================================
Received Import Request.
  Time since last request: 0.946770 seconds.
  path: Assets/Prefabs/Environment/Buildings/Forest/LumberMill.prefab
  artifactKey: Guid(c9c2be32731c75646ad5520db8f5d797) Importer(2089858483,192608db42251d675da83286b1cce702)
Start importing Assets/Prefabs/Environment/Buildings/Forest/LumberMill.prefab using Guid(c9c2be32731c75646ad5520db8f5d797) Importer(2089858483,192608db42251d675da83286b1cce702) (ScriptedImporter) -> (artifact id: '636f8eb5f1c998793e90a545940b884f') in 0.0116975 seconds
Number of updated asset objects reloaded before import = 0Number of asset objects unloaded after import = 126

========================================================================
Received Import Request.
  Time since last request: 7.499729 seconds.
  path: Assets/Prefabs/Environment/Buildings/Snow/LumberMillSnow.prefab
  artifactKey: Guid(9277523e8471957478af1560a6d0f565) Importer(815301076,1909f56bfc062723c751e8b465ee728b)
Start importing Assets/Prefabs/Environment/Buildings/Snow/LumberMillSnow.prefab using Guid(9277523e8471957478af1560a6d0f565) Importer(815301076,1909f56bfc062723c751e8b465ee728b) (PreviewImporter) -> (artifact id: 'e4ee2e15ec6e91c0cd917005254f8162') in 0.0022126 seconds
Number of updated asset objects reloaded before import = 0Number of asset objects unloaded after import = 5

========================================================================
Received Import Request.
  Time since last request: 0.960377 seconds.
  path: Assets/Prefabs/Environment/Buildings/Snow/LumberMillSnow.prefab
  artifactKey: Guid(9277523e8471957478af1560a6d0f565) Importer(2089858483,192608db42251d675da83286b1cce702)
Start importing Assets/Prefabs/Environment/Buildings/Snow/LumberMillSnow.prefab using Guid(9277523e8471957478af1560a6d0f565) Importer(2089858483,192608db42251d675da83286b1cce702) (ScriptedImporter) -> (artifact id: 'd9020d807f964f820d98753789e0ae7b') in 0.0117283 seconds
Number of updated asset objects reloaded before import = 0Number of asset objects unloaded after import = 5

========================================================================
Received Import Request.
  Time since last request: 0.228316 seconds.
  path: Assets/Prefabs/Environment/Buildings/Snow/LumberMillSnow.prefab
  artifactKey: Guid(9277523e8471957478af1560a6d0f565) Importer(815301076,1909f56bfc062723c751e8b465ee728b)
Start importing Assets/Prefabs/Environment/Buildings/Snow/LumberMillSnow.prefab using Guid(9277523e8471957478af1560a6d0f565) Importer(815301076,1909f56bfc062723c751e8b465ee728b) (PreviewImporter) -> (artifact id: 'b45eb158de088171e5d81b92460fe612') in 0.0069297 seconds
Number of updated asset objects reloaded before import = 0Number of asset objects unloaded after import = 246

========================================================================
Received Import Request.
  Time since last request: 2.203821 seconds.
  path: Assets/Prefabs/Environment/Buildings/Snow/LumberMillSnow.prefab
  artifactKey: Guid(9277523e8471957478af1560a6d0f565) Importer(815301076,1909f56bfc062723c751e8b465ee728b)
Start importing Assets/Prefabs/Environment/Buildings/Snow/LumberMillSnow.prefab using Guid(9277523e8471957478af1560a6d0f565) Importer(815301076,1909f56bfc062723c751e8b465ee728b) (PreviewImporter) -> (artifact id: '63a97e97c5da849b4f4fb7ddafc74fc2') in 0.0091379 seconds
Number of updated asset objects reloaded before import = 0Number of asset objects unloaded after import = 246

========================================================================
Received Import Request.
  Time since last request: 0.586265 seconds.
  path: Assets/Prefabs/Environment/Buildings/Snow/LumberMillSnow.prefab
  artifactKey: Guid(9277523e8471957478af1560a6d0f565) Importer(815301076,1909f56bfc062723c751e8b465ee728b)
Start importing Assets/Prefabs/Environment/Buildings/Snow/LumberMillSnow.prefab using Guid(9277523e8471957478af1560a6d0f565) Importer(815301076,1909f56bfc062723c751e8b465ee728b) (PreviewImporter) -> (artifact id: 'b15d6578e08943723d73bb181e6300d5') in 0.0090853 seconds
Number of updated asset objects reloaded before import = 0Number of asset objects unloaded after import = 246

========================================================================
Received Import Request.
  Time since last request: 0.394972 seconds.
  path: Assets/Prefabs/Environment/Buildings/Snow/LumberMillSnow.prefab
  artifactKey: Guid(9277523e8471957478af1560a6d0f565) Importer(815301076,1909f56bfc062723c751e8b465ee728b)
Start importing Assets/Prefabs/Environment/Buildings/Snow/LumberMillSnow.prefab using Guid(9277523e8471957478af1560a6d0f565) Importer(815301076,1909f56bfc062723c751e8b465ee728b) (PreviewImporter) -> (artifact id: '22e29d996abe70bf3efaf70ef24e0f79') in 0.0068141 seconds
Number of updated asset objects reloaded before import = 0Number of asset objects unloaded after import = 246

========================================================================
Received Import Request.
  Time since last request: 6.667054 seconds.
  path: Assets/Prefabs/Environment/Buildings/Snow/LumberMillSnow.prefab
  artifactKey: Guid(9277523e8471957478af1560a6d0f565) Importer(2089858483,192608db42251d675da83286b1cce702)
Start importing Assets/Prefabs/Environment/Buildings/Snow/LumberMillSnow.prefab using Guid(9277523e8471957478af1560a6d0f565) Importer(2089858483,192608db42251d675da83286b1cce702) (ScriptedImporter) -> (artifact id: '6ae9c9f81ab3c65e3a8ca87242ae640e') in 0.0133042 seconds
Number of updated asset objects reloaded before import = 0Number of asset objects unloaded after import = 126

========================================================================
Received Import Request.
  Time since last request: 2.141378 seconds.
  path: Assets/Prefabs/Environment/Buildings/Snow/LumberMillSnow.prefab
  artifactKey: Guid(9277523e8471957478af1560a6d0f565) Importer(815301076,1909f56bfc062723c751e8b465ee728b)
Start importing Assets/Prefabs/Environment/Buildings/Snow/LumberMillSnow.prefab using Guid(9277523e8471957478af1560a6d0f565) Importer(815301076,1909f56bfc062723c751e8b465ee728b) (PreviewImporter) -> (artifact id: '18b767e8a55499a36c84c0c64a5e44af') in 0.0136225 seconds
Number of updated asset objects reloaded before import = 0Number of asset objects unloaded after import = 250

========================================================================
Received Import Request.
  Time since last request: 0.361070 seconds.
  path: Assets/Prefabs/Environment/Buildings/Snow/LumberMillSnow.prefab
  artifactKey: Guid(9277523e8471957478af1560a6d0f565) Importer(2089858483,192608db42251d675da83286b1cce702)
Start importing Assets/Prefabs/Environment/Buildings/Snow/LumberMillSnow.prefab using Guid(9277523e8471957478af1560a6d0f565) Importer(2089858483,192608db42251d675da83286b1cce702) (ScriptedImporter) -> (artifact id: '1fb5ccfff07e476812009f5ba86e0133') in 0.0111149 seconds
Number of updated asset objects reloaded before import = 0Number of asset objects unloaded after import = 126

========================================================================
Received Import Request.
  Time since last request: 12.961487 seconds.
  path: Assets/Particles/TextMat/Snowflake.mat
  artifactKey: Guid(425b1518de2d6f446b3c9cd6b667ce3d) Importer(815301076,1909f56bfc062723c751e8b465ee728b)
Start importing Assets/Particles/TextMat/Snowflake.mat using Guid(425b1518de2d6f446b3c9cd6b667ce3d) Importer(815301076,1909f56bfc062723c751e8b465ee728b) (PreviewImporter) -> (artifact id: 'f614a2b7bec00c4d9998913c98eb5f55') in 0.0145549 seconds
Number of updated asset objects reloaded before import = 0Number of asset objects unloaded after import = 2

========================================================================
Received Import Request.
  Time since last request: 0.000010 seconds.
  path: Assets/Materials/SnowMats/TreeSnow.mat
  artifactKey: Guid(6dbb56c5140aebd4a87f56f09fd01e3d) Importer(815301076,1909f56bfc062723c751e8b465ee728b)
Start importing Assets/Materials/SnowMats/TreeSnow.mat using Guid(6dbb56c5140aebd4a87f56f09fd01e3d) Importer(815301076,1909f56bfc062723c751e8b465ee728b) (PreviewImporter) -> (artifact id: 'b1722c08514395591e7be7853bbdb3ca') in 0.0750285 seconds
Number of updated asset objects reloaded before import = 0Number of asset objects unloaded after import = 4

========================================================================
Received Import Request.
  Time since last request: 2.279358 seconds.
  path: Assets/Materials/SnowMats/GreySnow.mat
  artifactKey: Guid(c83b130d19a272d41934ca29c227ef1b) Importer(815301076,1909f56bfc062723c751e8b465ee728b)
Start importing Assets/Materials/SnowMats/GreySnow.mat using Guid(c83b130d19a272d41934ca29c227ef1b) Importer(815301076,1909f56bfc062723c751e8b465ee728b) (PreviewImporter) -> (artifact id: '3f76779ac2ee690ab269d1659823dad9') in 0.0134715 seconds
Number of updated asset objects reloaded before import = 0Number of asset objects unloaded after import = 4

========================================================================
Received Import Request.
  Time since last request: 0.045812 seconds.
  path: Assets/Materials/SnowMats/DarkGreySnow.mat
  artifactKey: Guid(5f4c43d704e2b2e4b93d93fa5daa1b00) Importer(815301076,1909f56bfc062723c751e8b465ee728b)
Start importing Assets/Materials/SnowMats/DarkGreySnow.mat using Guid(5f4c43d704e2b2e4b93d93fa5daa1b00) Importer(815301076,1909f56bfc062723c751e8b465ee728b) (PreviewImporter) -> (artifact id: '7fe4194cb219047c64b66e626848f851') in 0.0120996 seconds
Number of updated asset objects reloaded before import = 0Number of asset objects unloaded after import = 4

========================================================================
Received Import Request.
  Time since last request: 133.669073 seconds.
  path: Assets/Scenes/TerrainGeneration.unity
  artifactKey: Guid(876ff7dc90e0ef448bc67c7dc7077548) Importer(2089858483,192608db42251d675da83286b1cce702)
Start importing Assets/Scenes/TerrainGeneration.unity using Guid(876ff7dc90e0ef448bc67c7dc7077548) Importer(2089858483,192608db42251d675da83286b1cce702) (ScriptedImporter) -> (artifact id: '34b5d2454bb465b1de96827fbe497811') in 0.0287513 seconds
Number of updated asset objects reloaded before import = 0Number of asset objects unloaded after import = 1

========================================================================
Received Import Request.
  Time since last request: 17.641017 seconds.
  path: Assets/Prefabs/Environment/Buildings/Snow/ForgeSnow.prefab
  artifactKey: Guid(7750ed9ea8fc9c54296247a3954b3bc0) Importer(815301076,1909f56bfc062723c751e8b465ee728b)
Start importing Assets/Prefabs/Environment/Buildings/Snow/ForgeSnow.prefab using Guid(7750ed9ea8fc9c54296247a3954b3bc0) Importer(815301076,1909f56bfc062723c751e8b465ee728b) (PreviewImporter) -> (artifact id: 'dc75e26debf7b4fb0eaac1f5e7bc03d3') in 0.0154631 seconds
Number of updated asset objects reloaded before import = 0Number of asset objects unloaded after import = 262

========================================================================
Received Import Request.
  Time since last request: 7.686693 seconds.
  path: Assets/Prefabs/Environment/Buildings/Forest/Forge.prefab
  artifactKey: Guid(15df386c1921a17418592a2c0d917f8a) Importer(815301076,1909f56bfc062723c751e8b465ee728b)
Start importing Assets/Prefabs/Environment/Buildings/Forest/Forge.prefab using Guid(15df386c1921a17418592a2c0d917f8a) Importer(815301076,1909f56bfc062723c751e8b465ee728b) (PreviewImporter) -> (artifact id: 'b366c41024212e801ad5a06657188696') in 0.0011177 seconds
Number of updated asset objects reloaded before import = 0Number of asset objects unloaded after import = 5

========================================================================
Received Import Request.
  Time since last request: 1.002461 seconds.
  path: Assets/Prefabs/Environment/Buildings/Forest/Forge.prefab
  artifactKey: Guid(15df386c1921a17418592a2c0d917f8a) Importer(815301076,1909f56bfc062723c751e8b465ee728b)
Start importing Assets/Prefabs/Environment/Buildings/Forest/Forge.prefab using Guid(15df386c1921a17418592a2c0d917f8a) Importer(815301076,1909f56bfc062723c751e8b465ee728b) (PreviewImporter) -> (artifact id: '025cdd9f45d54dd256feed7445b40dea') in 0.0134153 seconds
Number of updated asset objects reloaded before import = 0Number of asset objects unloaded after import = 257

========================================================================
Received Import Request.
  Time since last request: 0.949626 seconds.
  path: Assets/Prefabs/Environment/Buildings/Forest/Forge.prefab
  artifactKey: Guid(15df386c1921a17418592a2c0d917f8a) Importer(2089858483,192608db42251d675da83286b1cce702)
Start importing Assets/Prefabs/Environment/Buildings/Forest/Forge.prefab using Guid(15df386c1921a17418592a2c0d917f8a) Importer(2089858483,192608db42251d675da83286b1cce702) (ScriptedImporter) -> (artifact id: '51005cea53555eb5e29bf048fe960c9b') in 0.012655 seconds
Number of updated asset objects reloaded before import = 0Number of asset objects unloaded after import = 132

========================================================================
Received Import Request.
  Time since last request: 0.840007 seconds.
  path: Assets/Prefabs/Environment/Buildings/Forest/Forge.prefab
  artifactKey: Guid(15df386c1921a17418592a2c0d917f8a) Importer(815301076,1909f56bfc062723c751e8b465ee728b)
Start importing Assets/Prefabs/Environment/Buildings/Forest/Forge.prefab using Guid(15df386c1921a17418592a2c0d917f8a) Importer(815301076,1909f56bfc062723c751e8b465ee728b) (PreviewImporter) -> (artifact id: 'ba311298da963335c3644deda65d2481') in 0.0089176 seconds
Number of updated asset objects reloaded before import = 0Number of asset objects unloaded after import = 257

========================================================================
Received Import Request.
  Time since last request: 0.783811 seconds.
  path: Assets/Prefabs/Environment/Buildings/Forest/Forge.prefab
  artifactKey: Guid(15df386c1921a17418592a2c0d917f8a) Importer(815301076,1909f56bfc062723c751e8b465ee728b)
Start importing Assets/Prefabs/Environment/Buildings/Forest/Forge.prefab using Guid(15df386c1921a17418592a2c0d917f8a) Importer(815301076,1909f56bfc062723c751e8b465ee728b) (PreviewImporter) -> (artifact id: '25e6aff4eec4d2b90a738e082b4629a2') in 0.0071481 seconds
Number of updated asset objects reloaded before import = 0Number of asset objects unloaded after import = 257

========================================================================
Received Import Request.
  Time since last request: 0.959278 seconds.
  path: Assets/Prefabs/Environment/Buildings/Forest/Forge.prefab
  artifactKey: Guid(15df386c1921a17418592a2c0d917f8a) Importer(2089858483,192608db42251d675da83286b1cce702)
Start importing Assets/Prefabs/Environment/Buildings/Forest/Forge.prefab using Guid(15df386c1921a17418592a2c0d917f8a) Importer(2089858483,192608db42251d675da83286b1cce702) (ScriptedImporter) -> (artifact id: 'e30189b16d441d46a1f28f932e07bb06') in 0.0114572 seconds
Number of updated asset objects reloaded before import = 0Number of asset objects unloaded after import = 132

========================================================================
Received Import Request.
  Time since last request: 6.478368 seconds.
  path: Assets/Prefabs/Environment/Buildings/Snow/ForgeSnow.prefab
  artifactKey: Guid(7750ed9ea8fc9c54296247a3954b3bc0) Importer(815301076,1909f56bfc062723c751e8b465ee728b)
Start importing Assets/Prefabs/Environment/Buildings/Snow/ForgeSnow.prefab using Guid(7750ed9ea8fc9c54296247a3954b3bc0) Importer(815301076,1909f56bfc062723c751e8b465ee728b) (PreviewImporter) -> (artifact id: 'af07df97ba4938be2ec34c3991d7e741') in 0.0010875 seconds
Number of updated asset objects reloaded before import = 0Number of asset objects unloaded after import = 5

========================================================================
Received Import Request.
  Time since last request: 0.610062 seconds.
  path: Assets/Prefabs/Environment/Buildings/Snow/ForgeSnow.prefab
  artifactKey: Guid(7750ed9ea8fc9c54296247a3954b3bc0) Importer(815301076,1909f56bfc062723c751e8b465ee728b)
Start importing Assets/Prefabs/Environment/Buildings/Snow/ForgeSnow.prefab using Guid(7750ed9ea8fc9c54296247a3954b3bc0) Importer(815301076,1909f56bfc062723c751e8b465ee728b) (PreviewImporter) -> (artifact id: '1dde9b0006341c7699aa12bb41b0b54f') in 0.0070437 seconds
Number of updated asset objects reloaded before import = 0Number of asset objects unloaded after import = 257

========================================================================
Received Import Request.
  Time since last request: 0.954826 seconds.
  path: Assets/Prefabs/Environment/Buildings/Snow/ForgeSnow.prefab
  artifactKey: Guid(7750ed9ea8fc9c54296247a3954b3bc0) Importer(2089858483,192608db42251d675da83286b1cce702)
Start importing Assets/Prefabs/Environment/Buildings/Snow/ForgeSnow.prefab using Guid(7750ed9ea8fc9c54296247a3954b3bc0) Importer(2089858483,192608db42251d675da83286b1cce702) (ScriptedImporter) -> (artifact id: 'b786faca67c2b97a2910e6aed5476483') in 0.01278 seconds
Number of updated asset objects reloaded before import = 0Number of asset objects unloaded after import = 132

========================================================================
Received Import Request.
  Time since last request: 0.646590 seconds.
  path: Assets/Prefabs/Environment/Buildings/Snow/ForgeSnow.prefab
  artifactKey: Guid(7750ed9ea8fc9c54296247a3954b3bc0) Importer(815301076,1909f56bfc062723c751e8b465ee728b)
Start importing Assets/Prefabs/Environment/Buildings/Snow/ForgeSnow.prefab using Guid(7750ed9ea8fc9c54296247a3954b3bc0) Importer(815301076,1909f56bfc062723c751e8b465ee728b) (PreviewImporter) -> (artifact id: 'd6b6183ad6f875fcf7ebbce6b6cc9e41') in 0.0073721 seconds
Number of updated asset objects reloaded before import = 0Number of asset objects unloaded after import = 257

========================================================================
Received Import Request.
  Time since last request: 0.174852 seconds.
  path: Assets/Prefabs/Environment/Buildings/Snow/ForgeSnow.prefab
  artifactKey: Guid(7750ed9ea8fc9c54296247a3954b3bc0) Importer(815301076,1909f56bfc062723c751e8b465ee728b)
Start importing Assets/Prefabs/Environment/Buildings/Snow/ForgeSnow.prefab using Guid(7750ed9ea8fc9c54296247a3954b3bc0) Importer(815301076,1909f56bfc062723c751e8b465ee728b) (PreviewImporter) -> (artifact id: '5bba247deb9e7875506bf497e2397847') in 0.0078169 seconds
Number of updated asset objects reloaded before import = 0Number of asset objects unloaded after import = 257

========================================================================
Received Import Request.
  Time since last request: 0.410782 seconds.
  path: Assets/Prefabs/Environment/Buildings/Snow/ForgeSnow.prefab
  artifactKey: Guid(7750ed9ea8fc9c54296247a3954b3bc0) Importer(815301076,1909f56bfc062723c751e8b465ee728b)
Start importing Assets/Prefabs/Environment/Buildings/Snow/ForgeSnow.prefab using Guid(7750ed9ea8fc9c54296247a3954b3bc0) Importer(815301076,1909f56bfc062723c751e8b465ee728b) (PreviewImporter) -> (artifact id: '6c40ab39909d516e0cc2f43a1ef65480') in 0.0094968 seconds
Number of updated asset objects reloaded before import = 0Number of asset objects unloaded after import = 257

========================================================================
Received Import Request.
  Time since last request: 1.214614 seconds.
  path: Assets/Prefabs/Environment/Buildings/Snow/ForgeSnow.prefab
  artifactKey: Guid(7750ed9ea8fc9c54296247a3954b3bc0) Importer(2089858483,192608db42251d675da83286b1cce702)
Start importing Assets/Prefabs/Environment/Buildings/Snow/ForgeSnow.prefab using Guid(7750ed9ea8fc9c54296247a3954b3bc0) Importer(2089858483,192608db42251d675da83286b1cce702) (ScriptedImporter) -> (artifact id: '0645061e2667d2b697de404e0c17d721') in 0.0114491 seconds
Number of updated asset objects reloaded before import = 0Number of asset objects unloaded after import = 132

========================================================================
Received Import Request.
  Time since last request: 9.832868 seconds.
  path: Assets/Prefabs/Environment/Buildings/Snow/ForgeSnow.prefab
  artifactKey: Guid(7750ed9ea8fc9c54296247a3954b3bc0) Importer(815301076,1909f56bfc062723c751e8b465ee728b)
Start importing Assets/Prefabs/Environment/Buildings/Snow/ForgeSnow.prefab using Guid(7750ed9ea8fc9c54296247a3954b3bc0) Importer(815301076,1909f56bfc062723c751e8b465ee728b) (PreviewImporter) -> (artifact id: '06fb90af65e1386e0acc8c3c87dc4ea8') in 0.0136535 seconds
Number of updated asset objects reloaded before import = 0Number of asset objects unloaded after import = 261

========================================================================
Received Import Request.
  Time since last request: 0.950805 seconds.
  path: Assets/Prefabs/Environment/Buildings/Snow/ForgeSnow.prefab
  artifactKey: Guid(7750ed9ea8fc9c54296247a3954b3bc0) Importer(2089858483,192608db42251d675da83286b1cce702)
Start importing Assets/Prefabs/Environment/Buildings/Snow/ForgeSnow.prefab using Guid(7750ed9ea8fc9c54296247a3954b3bc0) Importer(2089858483,192608db42251d675da83286b1cce702) (ScriptedImporter) -> (artifact id: 'e3f7a5c8023b62a3c010c71eb11f33d3') in 0.0130359 seconds
Number of updated asset objects reloaded before import = 0Number of asset objects unloaded after import = 132

========================================================================
Received Import Request.
  Time since last request: 60.473024 seconds.
  path: Assets/Scenes/TerrainGeneration.unity
  artifactKey: Guid(876ff7dc90e0ef448bc67c7dc7077548) Importer(2089858483,192608db42251d675da83286b1cce702)
Start importing Assets/Scenes/TerrainGeneration.unity using Guid(876ff7dc90e0ef448bc67c7dc7077548) Importer(2089858483,192608db42251d675da83286b1cce702) (ScriptedImporter) -> (artifact id: '6608d5d09cd1b3fec5a50c6dd4df54e0') in 0.0242091 seconds
Number of updated asset objects reloaded before import = 0Number of asset objects unloaded after import = 1

========================================================================
Received Import Request.
  Time since last request: 42.180272 seconds.
  path: Assets/Scenes/TerrainGeneration.unity
  artifactKey: Guid(876ff7dc90e0ef448bc67c7dc7077548) Importer(2089858483,192608db42251d675da83286b1cce702)
Start importing Assets/Scenes/TerrainGeneration.unity using Guid(876ff7dc90e0ef448bc67c7dc7077548) Importer(2089858483,192608db42251d675da83286b1cce702) (ScriptedImporter) -> (artifact id: 'f80cd4fb0c80933431a7b5eb986d9071') in 0.0154461 seconds
Number of updated asset objects reloaded before import = 0Number of asset objects unloaded after import = 1

========================================================================
Received Import Request.
  Time since last request: 35.034558 seconds.
  path: Assets/Scenes/TerrainGeneration.unity
  artifactKey: Guid(876ff7dc90e0ef448bc67c7dc7077548) Importer(2089858483,192608db42251d675da83286b1cce702)
Start importing Assets/Scenes/TerrainGeneration.unity using Guid(876ff7dc90e0ef448bc67c7dc7077548) Importer(2089858483,192608db42251d675da83286b1cce702) (ScriptedImporter) -> (artifact id: 'ecc6f66d0619242ccb793c25f440dd11') in 0.02297 seconds
Number of updated asset objects reloaded before import = 0Number of asset objects unloaded after import = 1

