[Licensing::Module] Trying to connect to existing licensing client channel...
Built from '6000.2/staging' branch; Version is '6000.2.10f1 (d3d30d158480) revision 13882125'; Using compiler version '194234433'; Build Type 'Release'
OS: 'Windows 11  (10.0.26200) 64bit Professional' Language: 'en' Physical Memory: 64631 MB
BatchMode: 1, IsHumanControllingUs: 0, StartBugReporterOnCrash: 0, Is64bit: 1
Date: 2025-11-24T16:35:24Z
[Licensing::IpcConnector] Successfully connected to: "LicenseClient-jeanf" at "2025-11-24T16:35:24.6794557Z"

COMMAND LINE ARGUMENTS:
C:\Program Files\Unity\Hub\Editor\6000.2.10f1\Editor\Unity.exe
-adb2
-batchMode
-noUpm
-name
AssetImportWorker12
-projectPath
E:/Projects/Crusaders-of-Light
-logFile
Logs/AssetImportWorker12.log
-srvPort
62489
-licensingIpc
LicenseClient-jeanf
-job-worker-count
7
-background-job-worker-count
8
-gc-helper-count
1
-name
AssetImport
Successfully changed project path to: E:/Projects/Crusaders-of-Light
E:/Projects/Crusaders-of-Light
[UnityMemory] Configuration Parameters - Can be set up in boot.config
    "memorysetup-allocator-temp-initial-block-size-main=262144"
    "memorysetup-allocator-temp-initial-block-size-worker=262144"
    "memorysetup-bucket-allocator-granularity=16"
    "memorysetup-bucket-allocator-bucket-count=8"
    "memorysetup-bucket-allocator-block-size=33554432"
    "memorysetup-bucket-allocator-block-count=8"
    "memorysetup-main-allocator-block-size=16777216"
    "memorysetup-thread-allocator-block-size=16777216"
    "memorysetup-gfx-main-allocator-block-size=16777216"
    "memorysetup-gfx-thread-allocator-block-size=16777216"
    "memorysetup-cache-allocator-block-size=4194304"
    "memorysetup-typetree-allocator-block-size=2097152"
    "memorysetup-profiler-bucket-allocator-granularity=16"
    "memorysetup-profiler-bucket-allocator-bucket-count=8"
    "memorysetup-profiler-bucket-allocator-block-size=33554432"
    "memorysetup-profiler-bucket-allocator-block-count=8"
    "memorysetup-profiler-allocator-block-size=16777216"
    "memorysetup-profiler-editor-allocator-block-size=1048576"
    "memorysetup-temp-allocator-size-main=16777216"
    "memorysetup-job-temp-allocator-block-size=2097152"
    "memorysetup-job-temp-allocator-block-size-background=1048576"
    "memorysetup-job-temp-allocator-reduction-small-platforms=262144"
    "memorysetup-temp-allocator-size-background-worker=32768"
    "memorysetup-temp-allocator-size-job-worker=262144"
    "memorysetup-temp-allocator-size-preload-manager=33554432"
    "memorysetup-temp-allocator-size-nav-mesh-worker=65536"
    "memorysetup-temp-allocator-size-audio-worker=65536"
    "memorysetup-temp-allocator-size-cloud-worker=32768"
    "memorysetup-temp-allocator-size-gi-baking-worker=262144"
    "memorysetup-temp-allocator-size-gi-baking-worker=262144"
    "memorysetup-temp-allocator-size-gi-baking-worker=262144"
    "memorysetup-temp-allocator-size-gi-baking-worker=262144"
    "memorysetup-temp-allocator-size-gi-baking-worker=262144"
    "memorysetup-temp-allocator-size-gfx=262144"
Player connection [35400]  Target information:

Player connection [35400]  * "[IP] 192.168.1.33 [Port] 0 [Flags] 2 [Guid] 892256134 [EditorId] 892256134 [Version] 1048832 [Id] WindowsEditor(7,Jean-PC) [Debug] 1 [PackageName] WindowsEditor [ProjectName] Editor" 

Player connection [35400] Host joined multi-casting on [225.0.0.222:54997]...
Player connection [35400] Host joined alternative multi-casting on [225.0.0.222:34997]...
JobSystem: Creating JobQueue using job-worker-count value 7
Input System module state changed to: Initialized.
[Physics::Module] Initialized fallback backend.
[Physics::Module] Id: 0xdecafbad
[Licensing::Client] Code 10 while verifying Licensing Client signature (process Id: 23800, path: "C:/Program Files/Unity Hub/UnityLicensingClient_V1/Unity.Licensing.Client.exe")
[Licensing::Module] LicensingClient has failed validation; ignoring
[Licensing::Client] Handshaking with LicensingClient:
  Version:                 1.17.3+a4e98f1
  Session Id:              7517b8dd7dce4390993c9ad8fa2fbfbd
  Correlation Id:          d143c03b38e4bf055ac7589f285c430c
  External correlation Id: 7410536929216801106
  Machine Id:              E0le8N3BhCOKOxRRXgm/abiTxfk=
[Licensing::Module] Successfully connected to LicensingClient on channel: "LicenseClient-jeanf" (connect: 0.00s, validation: 0.00s, handshake: 0.03s)
[Licensing::IpcConnector] Successfully connected to: "LicenseClient-jeanf-notifications" at "2025-11-24T16:35:24.7075523Z"
[Licensing::Module] Licensing Background thread has ended after 0.03s
Library Redirect Path: Library/
[Physics::Module] Selected backend.
[Physics::Module] Name: PhysX
[Physics::Module] Id: 0xf2b8ea05
[Physics::Module] SDK Version: 4.1.2
[Physics::Module] Integration Version: 1.0.0
[Physics::Module] Threading Mode: Multi-Threaded
ETC Legacy compression has been deprecated and will be removed in a future release. You can review compressors in "Project Settings > Editor > Texture Compressors".
Refreshing native plugins compatible for Editor in 3.37 ms, found 2 plugins.
Preloading 0 native plugins for Editor in 0.00 ms.
Initialize engine version: 6000.2.10f1 (d3d30d158480)
[Subsystems] Discovering subsystems at path C:/Program Files/Unity/Hub/Editor/6000.2.10f1/Editor/Data/Resources/UnitySubsystems
[Subsystems] Discovering subsystems at path E:/Projects/Crusaders-of-Light/Assets
GfxDevice: creating device client; kGfxThreadingModeNonThreaded
Direct3D:
    Version:  Direct3D 11.0 [level 11.1]
    Renderer: AMD Radeon RX 7800 XT (ID=0x747e)
    Vendor:   ATI
    VRAM:     16368 MB
    Driver:   32.0.22029.1019
Initialize mono
Mono path[0] = 'C:/Program Files/Unity/Hub/Editor/6000.2.10f1/Editor/Data/Managed'
Mono path[1] = 'C:/Program Files/Unity/Hub/Editor/6000.2.10f1/Editor/Data/MonoBleedingEdge/lib/mono/unityjit-win32'
Mono config path = 'C:/Program Files/Unity/Hub/Editor/6000.2.10f1/Editor/Data/MonoBleedingEdge/etc'
Using monoOptions --debugger-agent=transport=dt_socket,embedding=1,server=y,suspend=n,address=127.0.0.1:56904
Begin MonoManager ReloadAssembly
Registering precompiled unity dll's ...
Register platform support module: C:/Program Files/Unity/Hub/Editor/6000.2.10f1/Editor/Data/PlaybackEngines/WebGLSupport/UnityEditor.WebGL.Extensions.dll
Register platform support module: C:/Program Files/Unity/Hub/Editor/6000.2.10f1/Editor/Data/PlaybackEngines/WindowsStandaloneSupport/UnityEditor.WindowsStandalone.Extensions.dll
[Licensing::Client] Successfully resolved entitlement details
[Licensing::Module] License group:
  Id: F4-BVAN-SGGT-E88F-YTNH-XXXX
  Product: Unity Personal
  Type: ULF
  Expiration: Unlimited
[Licensing::Module] License group:
  Id: 736993-UnityPersXXXX
  Product: Unity Personal
  Type: Assigned
  Expiration: Unlimited
Register platform support module: C:/Program Files/Unity/Hub/Editor/6000.2.10f1/Editor/Data/PlaybackEngines/AndroidPlayer/UnityEditor.Android.Extensions.dll
Registered in 0.003035 seconds.
- Loaded All Assemblies, in  0.276 seconds
Native extension for Android target not found
Android Extension - Scanning For ADB Devices 198 ms
Native extension for WindowsStandalone target not found
Native extension for WebGL target not found
Mono: successfully reloaded assembly
- Finished resetting the current domain, in  0.431 seconds
Domain Reload Profiling: 707ms
	BeginReloadAssembly (93ms)
		ExecutionOrderSort (0ms)
		DisableScriptedObjects (0ms)
		BackupInstance (0ms)
		ReleaseScriptingObjects (0ms)
		CreateAndSetChildDomain (1ms)
	RebuildCommonClasses (29ms)
	RebuildNativeTypeToScriptingClass (11ms)
	initialDomainReloadingComplete (35ms)
	LoadAllAssembliesAndSetupDomain (107ms)
		LoadAssemblies (92ms)
		RebuildTransferFunctionScriptingTraits (0ms)
		AnalyzeDomain (105ms)
			TypeCache.Refresh (104ms)
				TypeCache.ScanAssembly (95ms)
			BuildScriptInfoCaches (0ms)
			ResolveRequiredComponents (0ms)
	FinalizeReload (432ms)
		ReleaseScriptCaches (0ms)
		RebuildScriptCaches (0ms)
		SetupLoadedEditorAssemblies (406ms)
			LogAssemblyErrors (0ms)
			InitializePlatformSupportModulesInManaged (258ms)
			SetLoadedEditorAssemblies (3ms)
			BeforeProcessingInitializeOnLoad (42ms)
			ProcessInitializeOnLoadAttributes (71ms)
			ProcessInitializeOnLoadMethodAttributes (33ms)
			AfterProcessingInitializeOnLoad (0ms)
			EditorAssembliesLoaded (0ms)
		ExecutionOrderSort2 (0ms)
		AwakeInstancesAfterBackupRestoration (0ms)
========================================================================
Worker process is ready to serve import requests
Import Worker Mode flag is 0x00
Begin MonoManager ReloadAssembly
[Licensing::Client] Successfully resolved entitlement details
[Licensing::Module] License group:
  Id: F4-BVAN-SGGT-E88F-YTNH-XXXX
  Product: Unity Personal
  Type: ULF
  Expiration: Unlimited
[Licensing::Module] License group:
  Id: 736993-UnityPersXXXX
  Product: Unity Personal
  Type: Assigned
  Expiration: Unlimited
Symbol file LoadedFromMemory is not a mono symbol file
- Loaded All Assemblies, in  0.416 seconds
Refreshing native plugins compatible for Editor in 2.09 ms, found 2 plugins.
Native extension for Android target not found
Native extension for WindowsStandalone target not found
Native extension for WebGL target not found
Refreshing native plugins compatible for Editor in 2.30 ms, found 2 plugins.
Package Manager log level set to [2]
[Package Manager] Failed to launch server process. Reason: Unity was launched with the -noUpm command-line argument
[Package Manager] Unable to send message (not connected to server process).
[Package Manager] Cannot connect to Unity Package Manager local server
Mono: successfully reloaded assembly
- Finished resetting the current domain, in  0.485 seconds
Domain Reload Profiling: 899ms
	BeginReloadAssembly (117ms)
		ExecutionOrderSort (0ms)
		DisableScriptedObjects (4ms)
		BackupInstance (0ms)
		ReleaseScriptingObjects (0ms)
		CreateAndSetChildDomain (24ms)
	RebuildCommonClasses (24ms)
	RebuildNativeTypeToScriptingClass (8ms)
	initialDomainReloadingComplete (23ms)
	LoadAllAssembliesAndSetupDomain (242ms)
		LoadAssemblies (209ms)
		RebuildTransferFunctionScriptingTraits (0ms)
		AnalyzeDomain (92ms)
			TypeCache.Refresh (68ms)
				TypeCache.ScanAssembly (58ms)
			BuildScriptInfoCaches (21ms)
			ResolveRequiredComponents (2ms)
	FinalizeReload (486ms)
		ReleaseScriptCaches (0ms)
		RebuildScriptCaches (0ms)
		SetupLoadedEditorAssemblies (416ms)
			LogAssemblyErrors (0ms)
			InitializePlatformSupportModulesInManaged (7ms)
			SetLoadedEditorAssemblies (4ms)
			BeforeProcessingInitializeOnLoad (93ms)
			ProcessInitializeOnLoadAttributes (207ms)
			ProcessInitializeOnLoadMethodAttributes (103ms)
			AfterProcessingInitializeOnLoad (3ms)
			EditorAssembliesLoaded (0ms)
		ExecutionOrderSort2 (0ms)
		AwakeInstancesAfterBackupRestoration (6ms)
ETC Legacy compression has been deprecated and will be removed in a future release. You can review compressors in "Project Settings > Editor > Texture Compressors".
Launched and connected shader compiler UnityShaderCompiler.exe after 0.01 seconds
Refreshing native plugins compatible for Editor in 2.00 ms, found 2 plugins.
Preloading 0 native plugins for Editor in 0.00 ms.
Unloading 19 Unused Serialized files (Serialized files now loaded: 0)
Unloading 3280 unused Assets / (3.0 MB). Loaded Objects now: 3813.
Memory consumption went from 105.4 MB to 102.4 MB.
Total: 7.110500 ms (FindLiveObjects: 0.336100 ms CreateObjectMapping: 0.174500 ms MarkObjects: 5.689200 ms  DeleteObjects: 0.910100 ms)

========================================================================
Received Prepare
ETC Legacy compression has been deprecated and will be removed in a future release. You can review compressors in "Project Settings > Editor > Texture Compressors".
Begin MonoManager ReloadAssembly
Symbol file LoadedFromMemory is not a mono symbol file
- Loaded All Assemblies, in  0.411 seconds
Refreshing native plugins compatible for Editor in 1.87 ms, found 2 plugins.
Native extension for Android target not found
Native extension for WindowsStandalone target not found
Native extension for WebGL target not found
[Package Manager] Failed to launch server process. Reason: Unity was launched with the -noUpm command-line argument
[Package Manager] Unable to send message (not connected to server process).
[Package Manager] Cannot connect to Unity Package Manager local server
Mono: successfully reloaded assembly
- Finished resetting the current domain, in  0.500 seconds
Domain Reload Profiling: 911ms
	BeginReloadAssembly (144ms)
		ExecutionOrderSort (0ms)
		DisableScriptedObjects (5ms)
		BackupInstance (0ms)
		ReleaseScriptingObjects (0ms)
		CreateAndSetChildDomain (39ms)
	RebuildCommonClasses (24ms)
	RebuildNativeTypeToScriptingClass (9ms)
	initialDomainReloadingComplete (17ms)
	LoadAllAssembliesAndSetupDomain (218ms)
		LoadAssemblies (216ms)
		RebuildTransferFunctionScriptingTraits (0ms)
		AnalyzeDomain (68ms)
			TypeCache.Refresh (4ms)
				TypeCache.ScanAssembly (0ms)
			BuildScriptInfoCaches (59ms)
			ResolveRequiredComponents (3ms)
	FinalizeReload (501ms)
		ReleaseScriptCaches (0ms)
		RebuildScriptCaches (0ms)
		SetupLoadedEditorAssemblies (426ms)
			LogAssemblyErrors (0ms)
			InitializePlatformSupportModulesInManaged (7ms)
			SetLoadedEditorAssemblies (4ms)
			BeforeProcessingInitializeOnLoad (97ms)
			ProcessInitializeOnLoadAttributes (209ms)
			ProcessInitializeOnLoadMethodAttributes (106ms)
			AfterProcessingInitializeOnLoad (2ms)
			EditorAssembliesLoaded (0ms)
		ExecutionOrderSort2 (0ms)
		AwakeInstancesAfterBackupRestoration (5ms)
Refreshing native plugins compatible for Editor in 1.78 ms, found 2 plugins.
Preloading 0 native plugins for Editor in 0.00 ms.
Unloading 18 Unused Serialized files (Serialized files now loaded: 0)
Unloading 3278 unused Assets / (3.0 MB). Loaded Objects now: 3814.
Memory consumption went from 105.2 MB to 102.2 MB.
Total: 7.226800 ms (FindLiveObjects: 0.308000 ms CreateObjectMapping: 0.091300 ms MarkObjects: 5.958600 ms  DeleteObjects: 0.868400 ms)

Prepare: number of updated asset objects reloaded= 0
========================================================================
Received Import Request.
  Time since last request: 152019.073320 seconds.
  path: Assets/Models/WorldAssets/Buildings/Grave.blend
  artifactKey: Guid(aa4470a5ccb331144a1bc761ef875450) Importer(815301076,1909f56bfc062723c751e8b465ee728b)
Start importing Assets/Models/WorldAssets/Buildings/Grave.blend using Guid(aa4470a5ccb331144a1bc761ef875450) Importer(815301076,1909f56bfc062723c751e8b465ee728b) (PreviewImporter) -> (artifact id: 'd3480ba9a3bcdd9b2ade7d781c767367') in 0.1198333 seconds
Number of updated asset objects reloaded before import = 0Number of asset objects unloaded after import = 18

========================================================================
Received Import Request.
  Time since last request: 0.000013 seconds.
  path: Assets/Models/WorldAssets/Buildings/Shop.blend
  artifactKey: Guid(ea27e03e3be3d1242a21f41f3403bbcc) Importer(815301076,1909f56bfc062723c751e8b465ee728b)
Start importing Assets/Models/WorldAssets/Buildings/Shop.blend using Guid(ea27e03e3be3d1242a21f41f3403bbcc) Importer(815301076,1909f56bfc062723c751e8b465ee728b) (PreviewImporter) -> (artifact id: '2a60d7c264a4f3a019181434e5407eb8') in 0.0635153 seconds
Number of updated asset objects reloaded before import = 0Number of asset objects unloaded after import = 53

========================================================================
Received Import Request.
  Time since last request: 0.000020 seconds.
  path: Assets/Models/WorldAssets/Buildings/Wheat.blend
  artifactKey: Guid(23bd60142bdc6cf4685200c6e6508f4b) Importer(815301076,1909f56bfc062723c751e8b465ee728b)
Start importing Assets/Models/WorldAssets/Buildings/Wheat.blend using Guid(23bd60142bdc6cf4685200c6e6508f4b) Importer(815301076,1909f56bfc062723c751e8b465ee728b) (PreviewImporter) -> (artifact id: 'fca48ca3c25daf1c973847fb773339d4') in 0.0374425 seconds
Number of updated asset objects reloaded before import = 0Number of asset objects unloaded after import = 35

========================================================================
Received Import Request.
  Time since last request: 0.000012 seconds.
  path: Assets/Models/WorldAssets/Buildings/Tombstone2.blend
  artifactKey: Guid(94f35b3b82bedb540b986756ada8a301) Importer(815301076,1909f56bfc062723c751e8b465ee728b)
Start importing Assets/Models/WorldAssets/Buildings/Tombstone2.blend using Guid(94f35b3b82bedb540b986756ada8a301) Importer(815301076,1909f56bfc062723c751e8b465ee728b) (PreviewImporter) -> (artifact id: '287a3a46995804a653395236025d0e19') in 0.0204258 seconds
Number of updated asset objects reloaded before import = 0Number of asset objects unloaded after import = 17

========================================================================
Received Import Request.
  Time since last request: 79.615635 seconds.
  path: Assets/Biomes/Forest/ForestBossArenaFactory.asset
  artifactKey: Guid(c61b14e114f2a4a4b822d3ad05c59e24) Importer(815301076,1909f56bfc062723c751e8b465ee728b)
Start importing Assets/Biomes/Forest/ForestBossArenaFactory.asset using Guid(c61b14e114f2a4a4b822d3ad05c59e24) Importer(815301076,1909f56bfc062723c751e8b465ee728b) (PreviewImporter) -> (artifact id: '08a69bbbe5c0e1cb7606a0d8d0d5a006') in 0.0572575 seconds
Number of updated asset objects reloaded before import = 0Number of asset objects unloaded after import = 877

========================================================================
Received Import Request.
  Time since last request: 0.000012 seconds.
  path: Assets/Biomes/Forest/ForestStartFactory.asset
  artifactKey: Guid(077452ad8d4a93b499c33384835bcf42) Importer(815301076,1909f56bfc062723c751e8b465ee728b)
Start importing Assets/Biomes/Forest/ForestStartFactory.asset using Guid(077452ad8d4a93b499c33384835bcf42) Importer(815301076,1909f56bfc062723c751e8b465ee728b) (PreviewImporter) -> (artifact id: '2d4c25ff40c14a40f494ddf7e43d71b2') in 0.0017902 seconds
Number of updated asset objects reloaded before import = 0Number of asset objects unloaded after import = 23

========================================================================
Received Import Request.
  Time since last request: 0.000007 seconds.
  path: Assets/Biomes/Forest/ForestMainPathFactory.asset
  artifactKey: Guid(69ec5d8bfc0bb4b4dac2661c8a4d7a24) Importer(815301076,1909f56bfc062723c751e8b465ee728b)
Start importing Assets/Biomes/Forest/ForestMainPathFactory.asset using Guid(69ec5d8bfc0bb4b4dac2661c8a4d7a24) Importer(815301076,1909f56bfc062723c751e8b465ee728b) (PreviewImporter) -> (artifact id: '5343f6b1ec63e09d1aaad9949fd30b59') in 0.0011358 seconds
Number of updated asset objects reloaded before import = 0Number of asset objects unloaded after import = 23

========================================================================
Received Import Request.
  Time since last request: 0.000007 seconds.
  path: Assets/Biomes/Forest/ForestVillageSettingsFactory.asset
  artifactKey: Guid(2ba3728689f59a847a5fa3488c223372) Importer(815301076,1909f56bfc062723c751e8b465ee728b)
Start importing Assets/Biomes/Forest/ForestVillageSettingsFactory.asset using Guid(2ba3728689f59a847a5fa3488c223372) Importer(815301076,1909f56bfc062723c751e8b465ee728b) (PreviewImporter) -> (artifact id: 'c75e0bb0b65975b6256b9fed7993c54a') in 0.0073686 seconds
Number of updated asset objects reloaded before import = 0Number of asset objects unloaded after import = 607

========================================================================
Received Import Request.
  Time since last request: 26.912748 seconds.
  path: Assets/Biomes/Forest/Forest.asset
  artifactKey: Guid(b7e80e27b85b16847b70b28533e901b7) Importer(815301076,1909f56bfc062723c751e8b465ee728b)
Start importing Assets/Biomes/Forest/Forest.asset using Guid(b7e80e27b85b16847b70b28533e901b7) Importer(815301076,1909f56bfc062723c751e8b465ee728b) (PreviewImporter) -> (artifact id: '5ea31b5100515e5f9022f704b3b317da') in 0.0769597 seconds
Number of updated asset objects reloaded before import = 0Number of asset objects unloaded after import = 2176

========================================================================
Received Import Request.
  Time since last request: 43.307366 seconds.
  path: Assets/Particles/WhispEffect.prefab
  artifactKey: Guid(47529c242ceef3f49b67610e0a52db37) Importer(815301076,1909f56bfc062723c751e8b465ee728b)
Start importing Assets/Particles/WhispEffect.prefab using Guid(47529c242ceef3f49b67610e0a52db37) Importer(815301076,1909f56bfc062723c751e8b465ee728b) (PreviewImporter) -> (artifact id: 'a9763df9ee4aaeebfcbfe086519dbba7') in 0.0138264 seconds
Number of updated asset objects reloaded before import = 0Number of asset objects unloaded after import = 11

========================================================================
Received Import Request.
  Time since last request: 0.000013 seconds.
  path: Assets/Prefabs/Environment/WoodStack.prefab
  artifactKey: Guid(144dde713b6c9e34d96482a908964641) Importer(815301076,1909f56bfc062723c751e8b465ee728b)
Start importing Assets/Prefabs/Environment/WoodStack.prefab using Guid(144dde713b6c9e34d96482a908964641) Importer(815301076,1909f56bfc062723c751e8b465ee728b) (PreviewImporter) -> (artifact id: 'f042b4a97b7c308aa8c637d1d3124520') in 0.0111906 seconds
Number of updated asset objects reloaded before import = 0Number of asset objects unloaded after import = 33

========================================================================
Received Import Request.
  Time since last request: 1.855013 seconds.
  path: Assets/Prefabs/Environment/Buildings/Forest/Barn.prefab
  artifactKey: Guid(2e833398cccc3a44f851640eebe2fc81) Importer(815301076,1909f56bfc062723c751e8b465ee728b)
Start importing Assets/Prefabs/Environment/Buildings/Forest/Barn.prefab using Guid(2e833398cccc3a44f851640eebe2fc81) Importer(815301076,1909f56bfc062723c751e8b465ee728b) (PreviewImporter) -> (artifact id: '9f1a30b837501e5644e8d1f8ce1bac52') in 0.0144157 seconds
Number of updated asset objects reloaded before import = 0Number of asset objects unloaded after import = 219

========================================================================
Received Import Request.
  Time since last request: 0.000016 seconds.
  path: Assets/Prefabs/Environment/Buildings/Forest/Tombstone1.prefab
  artifactKey: Guid(ac0c9fa1bf0e9d7449ad8bc675aec280) Importer(815301076,1909f56bfc062723c751e8b465ee728b)
Start importing Assets/Prefabs/Environment/Buildings/Forest/Tombstone1.prefab using Guid(ac0c9fa1bf0e9d7449ad8bc675aec280) Importer(815301076,1909f56bfc062723c751e8b465ee728b) (PreviewImporter) -> (artifact id: 'f01c40a2c9f710222199246eee9735d4') in 0.010459 seconds
Number of updated asset objects reloaded before import = 0Number of asset objects unloaded after import = 30

========================================================================
Received Import Request.
  Time since last request: 0.000010 seconds.
  path: Assets/Prefabs/Environment/Buildings/Forest/Grave1.prefab
  artifactKey: Guid(d123171f0f4281d40bfa649f128b992a) Importer(815301076,1909f56bfc062723c751e8b465ee728b)
Start importing Assets/Prefabs/Environment/Buildings/Forest/Grave1.prefab using Guid(d123171f0f4281d40bfa649f128b992a) Importer(815301076,1909f56bfc062723c751e8b465ee728b) (PreviewImporter) -> (artifact id: '5d9151a71dbe3f33fc45e8e1306f9139') in 0.0170374 seconds
Number of updated asset objects reloaded before import = 0Number of asset objects unloaded after import = 64

========================================================================
Received Import Request.
  Time since last request: 0.000012 seconds.
  path: Assets/Prefabs/Environment/Buildings/Forest/Forge.prefab
  artifactKey: Guid(15df386c1921a17418592a2c0d917f8a) Importer(815301076,1909f56bfc062723c751e8b465ee728b)
Start importing Assets/Prefabs/Environment/Buildings/Forest/Forge.prefab using Guid(15df386c1921a17418592a2c0d917f8a) Importer(815301076,1909f56bfc062723c751e8b465ee728b) (PreviewImporter) -> (artifact id: '10bd6d70ebd5ccd83498c97c965f9113') in 0.0147981 seconds
Number of updated asset objects reloaded before import = 0Number of asset objects unloaded after import = 257

========================================================================
Received Import Request.
  Time since last request: 0.000014 seconds.
  path: Assets/Prefabs/Environment/Buildings/Forest/LHouse.prefab
  artifactKey: Guid(4f99d62ae3d1b6b409f8dc81ee3ea9e8) Importer(815301076,1909f56bfc062723c751e8b465ee728b)
Start importing Assets/Prefabs/Environment/Buildings/Forest/LHouse.prefab using Guid(4f99d62ae3d1b6b409f8dc81ee3ea9e8) Importer(815301076,1909f56bfc062723c751e8b465ee728b) (PreviewImporter) -> (artifact id: 'b672fb5d74d48d9ad12c07bd06d50316') in 0.0145984 seconds
Number of updated asset objects reloaded before import = 0Number of asset objects unloaded after import = 335

========================================================================
Received Import Request.
  Time since last request: 0.000013 seconds.
  path: Assets/Prefabs/Environment/Buildings/Forest/LampPost.prefab
  artifactKey: Guid(7c846626bd72df947a4e0b1ca3f9c022) Importer(815301076,1909f56bfc062723c751e8b465ee728b)
Start importing Assets/Prefabs/Environment/Buildings/Forest/LampPost.prefab using Guid(7c846626bd72df947a4e0b1ca3f9c022) Importer(815301076,1909f56bfc062723c751e8b465ee728b) (PreviewImporter) -> (artifact id: '4d3798442240b833e72a78092be83136') in 0.0138058 seconds
Number of updated asset objects reloaded before import = 0Number of asset objects unloaded after import = 37

========================================================================
Received Import Request.
  Time since last request: 0.000027 seconds.
  path: Assets/Prefabs/Environment/Buildings/Forest/Shop.prefab
  artifactKey: Guid(bfdb3706663ec7c4bad933ae1622b778) Importer(815301076,1909f56bfc062723c751e8b465ee728b)
Start importing Assets/Prefabs/Environment/Buildings/Forest/Shop.prefab using Guid(bfdb3706663ec7c4bad933ae1622b778) Importer(815301076,1909f56bfc062723c751e8b465ee728b) (PreviewImporter) -> (artifact id: 'ae2178f561ea85515d0819f798d22320') in 0.0241753 seconds
Number of updated asset objects reloaded before import = 0Number of asset objects unloaded after import = 277

========================================================================
Received Import Request.
  Time since last request: 11.552036 seconds.
  path: Assets/Prefabs/Environment/DarkWallTransition.prefab
  artifactKey: Guid(acd495a597641df41b4b42943dbd78d1) Importer(815301076,1909f56bfc062723c751e8b465ee728b)
Start importing Assets/Prefabs/Environment/DarkWallTransition.prefab using Guid(acd495a597641df41b4b42943dbd78d1) Importer(815301076,1909f56bfc062723c751e8b465ee728b) (PreviewImporter) -> (artifact id: '85e9a246a37f2d8b3c63fbf314058444') in 0.0273224 seconds
Number of updated asset objects reloaded before import = 0Number of asset objects unloaded after import = 9

========================================================================
Received Import Request.
  Time since last request: 0.000011 seconds.
  path: Assets/Prefabs/Environment/Wall.prefab
  artifactKey: Guid(30c1958176ed413489db99365c9b3ad4) Importer(815301076,1909f56bfc062723c751e8b465ee728b)
Start importing Assets/Prefabs/Environment/Wall.prefab using Guid(30c1958176ed413489db99365c9b3ad4) Importer(815301076,1909f56bfc062723c751e8b465ee728b) (PreviewImporter) -> (artifact id: '10823d79d2ca332f2448ae46b2c32c12') in 0.0146203 seconds
Number of updated asset objects reloaded before import = 0Number of asset objects unloaded after import = 13

========================================================================
Received Import Request.
  Time since last request: 0.000012 seconds.
  path: Assets/Prefabs/Environment/Portal.prefab
  artifactKey: Guid(013c40d349727e64c96cd1f62a1d3307) Importer(815301076,1909f56bfc062723c751e8b465ee728b)
Start importing Assets/Prefabs/Environment/Portal.prefab using Guid(013c40d349727e64c96cd1f62a1d3307) Importer(815301076,1909f56bfc062723c751e8b465ee728b) (PreviewImporter) -> (artifact id: 'b1eba54fa1e2f6162e8289e1e99c57e8') in 0.0129564 seconds
Number of updated asset objects reloaded before import = 0Number of asset objects unloaded after import = 27

========================================================================
Received Import Request.
  Time since last request: 0.000011 seconds.
  path: Assets/Prefabs/Environment/Tree6.prefab
  artifactKey: Guid(96e265241f7d0db4c90653d435038ac5) Importer(815301076,1909f56bfc062723c751e8b465ee728b)
Start importing Assets/Prefabs/Environment/Tree6.prefab using Guid(96e265241f7d0db4c90653d435038ac5) Importer(815301076,1909f56bfc062723c751e8b465ee728b) (PreviewImporter) -> (artifact id: 'f02bf5d599868071a7c336b9879cff59') in 0.014139 seconds
Number of updated asset objects reloaded before import = 0Number of asset objects unloaded after import = 21

========================================================================
Received Import Request.
  Time since last request: 0.000011 seconds.
  path: Assets/Prefabs/Environment/Tree5.prefab
  artifactKey: Guid(4e6fb53c8e211e64cb3463879de2b1c6) Importer(815301076,1909f56bfc062723c751e8b465ee728b)
Start importing Assets/Prefabs/Environment/Tree5.prefab using Guid(4e6fb53c8e211e64cb3463879de2b1c6) Importer(815301076,1909f56bfc062723c751e8b465ee728b) (PreviewImporter) -> (artifact id: '68beb03feb906b5b55458ee1f6338f57') in 0.0077411 seconds
Number of updated asset objects reloaded before import = 0Number of asset objects unloaded after import = 21

========================================================================
Received Import Request.
  Time since last request: 0.000009 seconds.
  path: Assets/Prefabs/Environment/Tree2.prefab
  artifactKey: Guid(3ed64c2e85fe7c343a3218ab0a5e4ccf) Importer(815301076,1909f56bfc062723c751e8b465ee728b)
Start importing Assets/Prefabs/Environment/Tree2.prefab using Guid(3ed64c2e85fe7c343a3218ab0a5e4ccf) Importer(815301076,1909f56bfc062723c751e8b465ee728b) (PreviewImporter) -> (artifact id: '97cac049d347725f32cbf021e04083fa') in 0.0089304 seconds
Number of updated asset objects reloaded before import = 0Number of asset objects unloaded after import = 12

========================================================================
Received Import Request.
  Time since last request: 0.000012 seconds.
  path: Assets/Prefabs/Environment/FireSpawn.prefab
  artifactKey: Guid(f879c71505a39bb48b00e85b79e40c7e) Importer(815301076,1909f56bfc062723c751e8b465ee728b)
Start importing Assets/Prefabs/Environment/FireSpawn.prefab using Guid(f879c71505a39bb48b00e85b79e40c7e) Importer(815301076,1909f56bfc062723c751e8b465ee728b) (PreviewImporter) -> (artifact id: 'e25bb8155919b8c8a07c860e02f40597') in 0.0127857 seconds
Number of updated asset objects reloaded before import = 0Number of asset objects unloaded after import = 16

========================================================================
Received Import Request.
  Time since last request: 47.551353 seconds.
  path: Assets/Materials/SnowMats/BossWallSnow2.mat
  artifactKey: Guid(210eed0defef80642bd1f562d0cdca12) Importer(815301076,1909f56bfc062723c751e8b465ee728b)
Start importing Assets/Materials/SnowMats/BossWallSnow2.mat using Guid(210eed0defef80642bd1f562d0cdca12) Importer(815301076,1909f56bfc062723c751e8b465ee728b) (PreviewImporter) -> (artifact id: 'f7514bbd447cb2434f2885870a4ae0b6') in 0.0154671 seconds
Number of updated asset objects reloaded before import = 0Number of asset objects unloaded after import = 4

========================================================================
Received Import Request.
  Time since last request: 27.062521 seconds.
  path: Assets/Models/Weapons/Sword2.blend
  artifactKey: Guid(a1713b5de5b462a498cac84ef4330bac) Importer(815301076,1909f56bfc062723c751e8b465ee728b)
Start importing Assets/Models/Weapons/Sword2.blend using Guid(a1713b5de5b462a498cac84ef4330bac) Importer(815301076,1909f56bfc062723c751e8b465ee728b) (PreviewImporter) -> (artifact id: '122fd54887a29e737d79a5b0b59cc97b') in 0.0152381 seconds
Number of updated asset objects reloaded before import = 0Number of asset objects unloaded after import = 9

========================================================================
Received Import Request.
  Time since last request: 82.885545 seconds.
  path: Assets/Prefabs/Characters/Players/Player_Character_2_Wizard.prefab
  artifactKey: Guid(4b8d8093d0ffe3149bcec0590c107597) Importer(2089858483,192608db42251d675da83286b1cce702)
Start importing Assets/Prefabs/Characters/Players/Player_Character_2_Wizard.prefab using Guid(4b8d8093d0ffe3149bcec0590c107597) Importer(2089858483,192608db42251d675da83286b1cce702) (ScriptedImporter) -> (artifact id: '3ea917ab1e2ca2fb8f65b85a9b18d0f3') in 0.1371812 seconds
Number of updated asset objects reloaded before import = 0Number of asset objects unloaded after import = 101

========================================================================
Received Import Request.
  Time since last request: 0.000016 seconds.
  path: Assets/Prefabs/Weapons/Common_Skill_Dodge/Skill_Common_Dodge.asset
  artifactKey: Guid(467c25a5adafb8948b1bf429bec31f48) Importer(2089858483,192608db42251d675da83286b1cce702)
Start importing Assets/Prefabs/Weapons/Common_Skill_Dodge/Skill_Common_Dodge.asset using Guid(467c25a5adafb8948b1bf429bec31f48) Importer(2089858483,192608db42251d675da83286b1cce702) (ScriptedImporter) -> (artifact id: 'dec9ec3211fe63c3e0cb2f0b671ddae7') in 0.0136749 seconds
Number of updated asset objects reloaded before import = 0Number of asset objects unloaded after import = 2

========================================================================
Received Import Request.
  Time since last request: 0.000071 seconds.
  path: Assets/Models/WorldAssets/Dummy.blend
  artifactKey: Guid(5ebcb49f03b482f49a8cbf9d29bd3216) Importer(2089858483,192608db42251d675da83286b1cce702)
Start importing Assets/Models/WorldAssets/Dummy.blend using Guid(5ebcb49f03b482f49a8cbf9d29bd3216) Importer(2089858483,192608db42251d675da83286b1cce702) (ScriptedImporter) -> (artifact id: '1ff4cf2c55f0686d1d67f97ce79ef2f7') in 0.0399389 seconds
Number of updated asset objects reloaded before import = 0Number of asset objects unloaded after import = 17

========================================================================
Received Import Request.
  Time since last request: 0.000012 seconds.
  path: Assets/Scenes/HandMadeMapOld.unity
  artifactKey: Guid(2fdfdd65c2c0aea48ba2047160504e32) Importer(2089858483,192608db42251d675da83286b1cce702)
Start importing Assets/Scenes/HandMadeMapOld.unity using Guid(2fdfdd65c2c0aea48ba2047160504e32) Importer(2089858483,192608db42251d675da83286b1cce702) (ScriptedImporter) -> (artifact id: 'ddb5fc0a87dbf67197366ec394056959') in 0.0161639 seconds
Number of updated asset objects reloaded before import = 0Number of asset objects unloaded after import = 1

========================================================================
Received Import Request.
  Time since last request: 0.000071 seconds.
  path: Assets/Prefabs/Characters/SwarmTest/Enemy_Swarmling_Normal_Charged.prefab
  artifactKey: Guid(cdc24834d1e16dd44b990f8f85e1fdd1) Importer(2089858483,192608db42251d675da83286b1cce702)
Start importing Assets/Prefabs/Characters/SwarmTest/Enemy_Swarmling_Normal_Charged.prefab using Guid(cdc24834d1e16dd44b990f8f85e1fdd1) Importer(2089858483,192608db42251d675da83286b1cce702) (ScriptedImporter) -> (artifact id: 'e5ec4fa29203b2d4b1248f64f6a5955f') in 0.0812427 seconds
Number of updated asset objects reloaded before import = 0Number of asset objects unloaded after import = 85

========================================================================
Received Import Request.
  Time since last request: 0.000020 seconds.
  path: Assets/Models/WorldAssets/Podest2.blend1
  artifactKey: Guid(aca808493210c8d4ba9e9c6e6e95b2f2) Importer(2089858483,192608db42251d675da83286b1cce702)
Start importing Assets/Models/WorldAssets/Podest2.blend1 using Guid(aca808493210c8d4ba9e9c6e6e95b2f2) Importer(2089858483,192608db42251d675da83286b1cce702) (ScriptedImporter) -> (artifact id: '6a4a93d3afa8718f38856222c8d40faa') in 0.0085044 seconds
Number of updated asset objects reloaded before import = 0Number of asset objects unloaded after import = 1

========================================================================
Received Import Request.
  Time since last request: 0.000068 seconds.
  path: Assets/Prefabs/Characters/Enemies/Bosses/Golem/Skill_Golem_GroundSlam/Skill_Golem_GroundSlam_Damage.asset
  artifactKey: Guid(a6163ab7f1102a442960ad2625ddd456) Importer(2089858483,192608db42251d675da83286b1cce702)
Start importing Assets/Prefabs/Characters/Enemies/Bosses/Golem/Skill_Golem_GroundSlam/Skill_Golem_GroundSlam_Damage.asset using Guid(a6163ab7f1102a442960ad2625ddd456) Importer(2089858483,192608db42251d675da83286b1cce702) (ScriptedImporter) -> (artifact id: 'e95713e09e29e2e4cc45c6fb537b6b2b') in 0.0137451 seconds
Number of updated asset objects reloaded before import = 0Number of asset objects unloaded after import = 1

========================================================================
Received Import Request.
  Time since last request: 0.000066 seconds.
  path: Assets/Scenes/TransitionArea.unity
  artifactKey: Guid(184cb48d90fc71e46a3e8f17d68d7536) Importer(2089858483,192608db42251d675da83286b1cce702)
Start importing Assets/Scenes/TransitionArea.unity using Guid(184cb48d90fc71e46a3e8f17d68d7536) Importer(2089858483,192608db42251d675da83286b1cce702) (ScriptedImporter) -> (artifact id: 'cb606ce60798961245e27b37def0691f') in 0.0168546 seconds
Number of updated asset objects reloaded before import = 0Number of asset objects unloaded after import = 1

========================================================================
Received Import Request.
  Time since last request: 0.000070 seconds.
  path: Assets/Prefabs/Characters/Enemies/Bosses/Golem/Golem_Element_Frost/Golem_Element_Frost_IceBalls/Golem_Element_Frost_IceBallls_IceBall_FrostDamage.asset
  artifactKey: Guid(c479d1f937a57de499680793ae14142a) Importer(2089858483,192608db42251d675da83286b1cce702)
Start importing Assets/Prefabs/Characters/Enemies/Bosses/Golem/Golem_Element_Frost/Golem_Element_Frost_IceBalls/Golem_Element_Frost_IceBallls_IceBall_FrostDamage.asset using Guid(c479d1f937a57de499680793ae14142a) Importer(2089858483,192608db42251d675da83286b1cce702) (ScriptedImporter) -> (artifact id: '41dd656d585ee9a681ff42f6743613dd') in 0.0092954 seconds
Number of updated asset objects reloaded before import = 0Number of asset objects unloaded after import = 1

========================================================================
Received Import Request.
  Time since last request: 0.000065 seconds.
  path: Assets/Models/WorldAssets/Dummy.blend1
  artifactKey: Guid(8566c152dcf099f40b1f192b7ba9b92c) Importer(2089858483,192608db42251d675da83286b1cce702)
Start importing Assets/Models/WorldAssets/Dummy.blend1 using Guid(8566c152dcf099f40b1f192b7ba9b92c) Importer(2089858483,192608db42251d675da83286b1cce702) (ScriptedImporter) -> (artifact id: '8d5a7fa845d59dd4ed511707120ad400') in 0.006033 seconds
Number of updated asset objects reloaded before import = 0Number of asset objects unloaded after import = 1

========================================================================
Received Import Request.
  Time since last request: 0.000061 seconds.
  path: Assets/Prefabs/Characters/Players New/Player_Character_1_Wizard.prefab
  artifactKey: Guid(14f1e89a1f58c5544aeacf35a9cd5b29) Importer(2089858483,192608db42251d675da83286b1cce702)
Start importing Assets/Prefabs/Characters/Players New/Player_Character_1_Wizard.prefab using Guid(14f1e89a1f58c5544aeacf35a9cd5b29) Importer(2089858483,192608db42251d675da83286b1cce702) (ScriptedImporter) -> (artifact id: '019a9e424e234f752275c649550b19ac') in 0.0541039 seconds
Number of updated asset objects reloaded before import = 0Number of asset objects unloaded after import = 331

========================================================================
Received Import Request.
  Time since last request: 0.000013 seconds.
  path: Assets/Prefabs/Characters/Enemies/Bosses/Golem/Golem_Element_Frost/Golem_Element_Frost_FrostWave/Golem_Element_Frost_FrostWave_FrostDamage.asset
  artifactKey: Guid(8b0488b18972967418256095ddadcb92) Importer(2089858483,192608db42251d675da83286b1cce702)
Start importing Assets/Prefabs/Characters/Enemies/Bosses/Golem/Golem_Element_Frost/Golem_Element_Frost_FrostWave/Golem_Element_Frost_FrostWave_FrostDamage.asset using Guid(8b0488b18972967418256095ddadcb92) Importer(2089858483,192608db42251d675da83286b1cce702) (ScriptedImporter) -> (artifact id: 'c4454d88a7765fde9a9d73b9765cc93f') in 0.0080784 seconds
Number of updated asset objects reloaded before import = 0Number of asset objects unloaded after import = 1

========================================================================
Received Import Request.
  Time since last request: 0.000088 seconds.
  path: Assets/Prefabs/Characters/Enemies/Bosses/Golem/Enemy_Golem_Boss.prefab
  artifactKey: Guid(02534d5eaef82264194a3a465ade14cb) Importer(2089858483,192608db42251d675da83286b1cce702)
Start importing Assets/Prefabs/Characters/Enemies/Bosses/Golem/Enemy_Golem_Boss.prefab using Guid(02534d5eaef82264194a3a465ade14cb) Importer(2089858483,192608db42251d675da83286b1cce702) (ScriptedImporter) -> (artifact id: '0d92f5a906b6e7330302bafbb0bcdabd') in 0.0705227 seconds
Number of updated asset objects reloaded before import = 0Number of asset objects unloaded after import = 610

========================================================================
Received Import Request.
  Time since last request: 0.000013 seconds.
  path: Assets/Prefabs/Characters/Enemies/Bosses/FlameWizard/Enemy_Wizard_Boss.prefab
  artifactKey: Guid(8baf951ea5de7ee4fb781eba8a71ec4b) Importer(2089858483,192608db42251d675da83286b1cce702)
Start importing Assets/Prefabs/Characters/Enemies/Bosses/FlameWizard/Enemy_Wizard_Boss.prefab using Guid(8baf951ea5de7ee4fb781eba8a71ec4b) Importer(2089858483,192608db42251d675da83286b1cce702) (ScriptedImporter) -> (artifact id: 'a4f4b37fbd02cc2fa6da5efe37e65e40') in 0.0534562 seconds
Number of updated asset objects reloaded before import = 0Number of asset objects unloaded after import = 521

========================================================================
Received Import Request.
  Time since last request: 0.000012 seconds.
  path: Assets/Prefabs/Characters/Enemies/Bosses_Mini/IceWizard/Skill_IceWizard_IceBeam/Skill_IceWizard_IceBeam_FrostDamage.asset
  artifactKey: Guid(bc45acb3e3b95bb4a9a4400a38f2646c) Importer(2089858483,192608db42251d675da83286b1cce702)
Start importing Assets/Prefabs/Characters/Enemies/Bosses_Mini/IceWizard/Skill_IceWizard_IceBeam/Skill_IceWizard_IceBeam_FrostDamage.asset using Guid(bc45acb3e3b95bb4a9a4400a38f2646c) Importer(2089858483,192608db42251d675da83286b1cce702) (ScriptedImporter) -> (artifact id: '33d2e5ba0c472f66a3635da1f859841d') in 0.0079344 seconds
Number of updated asset objects reloaded before import = 0Number of asset objects unloaded after import = 1

========================================================================
Received Import Request.
  Time since last request: 0.000072 seconds.
  path: Assets/Prefabs/Characters/SwarmTest/Enemy_Swarmling_Normal.prefab
  artifactKey: Guid(6495eb180172e9740bb229bd66faabc7) Importer(2089858483,192608db42251d675da83286b1cce702)
Start importing Assets/Prefabs/Characters/SwarmTest/Enemy_Swarmling_Normal.prefab using Guid(6495eb180172e9740bb229bd66faabc7) Importer(2089858483,192608db42251d675da83286b1cce702) (ScriptedImporter) -> (artifact id: '73f7da2dbc4a3154f4b1c65b0702a14f') in 0.0446203 seconds
Number of updated asset objects reloaded before import = 0Number of asset objects unloaded after import = 73

========================================================================
Received Import Request.
  Time since last request: 0.000011 seconds.
  path: Assets/Prefabs/Characters/Enemies/Bosses/Golem/Golem_Element_Frost/Golem_Element_Frost_Beam/Golem_Element_Frost_Icebeam_FrostDamage.asset
  artifactKey: Guid(26607ab7d4a023b49a195244fffa9465) Importer(2089858483,192608db42251d675da83286b1cce702)
Start importing Assets/Prefabs/Characters/Enemies/Bosses/Golem/Golem_Element_Frost/Golem_Element_Frost_Beam/Golem_Element_Frost_Icebeam_FrostDamage.asset using Guid(26607ab7d4a023b49a195244fffa9465) Importer(2089858483,192608db42251d675da83286b1cce702) (ScriptedImporter) -> (artifact id: '49fa86090d61ac0c9ad92ae0e8bb1e89') in 0.008064 seconds
Number of updated asset objects reloaded before import = 0Number of asset objects unloaded after import = 1

========================================================================
Received Import Request.
  Time since last request: 0.000072 seconds.
  path: Assets/Prefabs/Characters/Enemies/Bosses_Mini/IceWizard/Enemy_Wizard_MiniBoss.prefab
  artifactKey: Guid(9dbe4642828005646b847b5c6714d142) Importer(2089858483,192608db42251d675da83286b1cce702)
Start importing Assets/Prefabs/Characters/Enemies/Bosses_Mini/IceWizard/Enemy_Wizard_MiniBoss.prefab using Guid(9dbe4642828005646b847b5c6714d142) Importer(2089858483,192608db42251d675da83286b1cce702) (ScriptedImporter) -> (artifact id: '055d39ef414378ad351ad6d00ace1e6a') in 0.0462125 seconds
Number of updated asset objects reloaded before import = 0Number of asset objects unloaded after import = 241

========================================================================
Received Import Request.
  Time since last request: 0.000016 seconds.
  path: Assets/Scripts/LevelGeneration/StructureDrawer.cs
  artifactKey: Guid(d3a7f2631ff0196449edcabce08e57ea) Importer(2089858483,192608db42251d675da83286b1cce702)
Start importing Assets/Scripts/LevelGeneration/StructureDrawer.cs using Guid(d3a7f2631ff0196449edcabce08e57ea) Importer(2089858483,192608db42251d675da83286b1cce702) (ScriptedImporter) -> (artifact id: '4f88971a077d0bc57b702f1830c5a41b') in 0.0076334 seconds
Number of updated asset objects reloaded before import = 0Number of asset objects unloaded after import = 0

========================================================================
Received Import Request.
  Time since last request: 0.000096 seconds.
  path: Assets/Materials/WaterMaterial.mat
  artifactKey: Guid(5e37ecf4f3515d34e9bb6ec9a54f158a) Importer(2089858483,192608db42251d675da83286b1cce702)
Start importing Assets/Materials/WaterMaterial.mat using Guid(5e37ecf4f3515d34e9bb6ec9a54f158a) Importer(2089858483,192608db42251d675da83286b1cce702) (ScriptedImporter) -> (artifact id: 'e35ac5f83ebe92cfe275142d75b08913') in 0.0111187 seconds
Number of updated asset objects reloaded before import = 0Number of asset objects unloaded after import = 2

========================================================================
Received Import Request.
  Time since last request: 0.000010 seconds.
  path: Assets/Prefabs/Characters/Enemies/Bosses_Mini/Skull/Skill_Skull_SwarmlingExplosion/Skill_Skull_SwarmlingExplosion_Explosion_ShockDamage.asset
  artifactKey: Guid(51af0a50d6098a748a4bed496d3d06c5) Importer(2089858483,192608db42251d675da83286b1cce702)
Start importing Assets/Prefabs/Characters/Enemies/Bosses_Mini/Skull/Skill_Skull_SwarmlingExplosion/Skill_Skull_SwarmlingExplosion_Explosion_ShockDamage.asset using Guid(51af0a50d6098a748a4bed496d3d06c5) Importer(2089858483,192608db42251d675da83286b1cce702) (ScriptedImporter) -> (artifact id: 'f48fb8925b01d2032f57bae25606f7cc') in 0.0082398 seconds
Number of updated asset objects reloaded before import = 0Number of asset objects unloaded after import = 1

========================================================================
Received Import Request.
  Time since last request: 0.000069 seconds.
  path: Assets/Scenes/TransitionAreaSettings.lighting
  artifactKey: Guid(5971fdfcea0c72e43b140983e3a345d6) Importer(2089858483,192608db42251d675da83286b1cce702)
Start importing Assets/Scenes/TransitionAreaSettings.lighting using Guid(5971fdfcea0c72e43b140983e3a345d6) Importer(2089858483,192608db42251d675da83286b1cce702) (ScriptedImporter) -> (artifact id: '507a77f5180b1fc1b65f3b2d80889ab9') in 0.0126173 seconds
Number of updated asset objects reloaded before import = 0Number of asset objects unloaded after import = 1

========================================================================
Received Import Request.
  Time since last request: 0.000048 seconds.
  path: Assets/Prefabs/Characters/Enemies/Bosses_Mini/IceWizard/Skill_IceWizard_MultiIceBall/Skill_IceWizard_MultiIceBall_IceBall_Explosion_FrostDamage.asset
  artifactKey: Guid(5ed3ac7019a6dc64c9cb9e5364f833cf) Importer(2089858483,192608db42251d675da83286b1cce702)
Start importing Assets/Prefabs/Characters/Enemies/Bosses_Mini/IceWizard/Skill_IceWizard_MultiIceBall/Skill_IceWizard_MultiIceBall_IceBall_Explosion_FrostDamage.asset using Guid(5ed3ac7019a6dc64c9cb9e5364f833cf) Importer(2089858483,192608db42251d675da83286b1cce702) (ScriptedImporter) -> (artifact id: 'bfc4404e6a37d89196fa756f7c8d9a5e') in 0.009533 seconds
Number of updated asset objects reloaded before import = 0Number of asset objects unloaded after import = 1

========================================================================
Received Import Request.
  Time since last request: 0.000068 seconds.
  path: Assets/Prefabs/Characters/Enemies/Bosses/Golem/Golem_Element_Frost/Golem_Element_Frost_IceBalls/Golem_Element_Frost_IceBallls_IceBall_Explosion_FrostDamage.asset
  artifactKey: Guid(a413cc5205bd3d64db9a5bd5a307323a) Importer(2089858483,192608db42251d675da83286b1cce702)
Start importing Assets/Prefabs/Characters/Enemies/Bosses/Golem/Golem_Element_Frost/Golem_Element_Frost_IceBalls/Golem_Element_Frost_IceBallls_IceBall_Explosion_FrostDamage.asset using Guid(a413cc5205bd3d64db9a5bd5a307323a) Importer(2089858483,192608db42251d675da83286b1cce702) (ScriptedImporter) -> (artifact id: 'ca9cf4d0c26b60307f758be31abff890') in 0.0090629 seconds
Number of updated asset objects reloaded before import = 0Number of asset objects unloaded after import = 1

========================================================================
Received Import Request.
  Time since last request: 0.000047 seconds.
  path: Assets/Models/Character/Anim_Walking.anim
  artifactKey: Guid(3d054e8d792b4754b966d3f3f45248bf) Importer(2089858483,192608db42251d675da83286b1cce702)
Start importing Assets/Models/Character/Anim_Walking.anim using Guid(3d054e8d792b4754b966d3f3f45248bf) Importer(2089858483,192608db42251d675da83286b1cce702) (ScriptedImporter) -> (artifact id: '539485cdd0fb75fc2f689cd889f3574c') in 0.0130701 seconds
Number of updated asset objects reloaded before import = 0Number of asset objects unloaded after import = 1

========================================================================
Received Import Request.
  Time since last request: 0.000062 seconds.
  path: Assets/Models/WorldAssets/Podest.blend1
  artifactKey: Guid(a3c4d3f9a642aa14fa4391efab74ac63) Importer(2089858483,192608db42251d675da83286b1cce702)
Start importing Assets/Models/WorldAssets/Podest.blend1 using Guid(a3c4d3f9a642aa14fa4391efab74ac63) Importer(2089858483,192608db42251d675da83286b1cce702) (ScriptedImporter) -> (artifact id: '4a9d31b5647ec8e3cff45b4b9274c374') in 0.0059408 seconds
Number of updated asset objects reloaded before import = 0Number of asset objects unloaded after import = 1

========================================================================
Received Import Request.
  Time since last request: 0.000074 seconds.
  path: Assets/Scripts/LevelGeneration/TerrainStructure.cs
  artifactKey: Guid(139eca2405384de4796c4ace2f74c790) Importer(2089858483,192608db42251d675da83286b1cce702)
Start importing Assets/Scripts/LevelGeneration/TerrainStructure.cs using Guid(139eca2405384de4796c4ace2f74c790) Importer(2089858483,192608db42251d675da83286b1cce702) (ScriptedImporter) -> (artifact id: '35201e87d041ee801275d36ad8abf09c') in 0.0063852 seconds
Number of updated asset objects reloaded before import = 0Number of asset objects unloaded after import = 0

========================================================================
Received Import Request.
  Time since last request: 0.000077 seconds.
  path: Assets/Prefabs/Characters/Enemies/Bosses/FlameWizard/Skill_FlameWizard_FireBeam/Skill_FlameWizard_FireBeam_FireDamage.asset
  artifactKey: Guid(975be595571797a4bb49930ed0342a93) Importer(2089858483,192608db42251d675da83286b1cce702)
Start importing Assets/Prefabs/Characters/Enemies/Bosses/FlameWizard/Skill_FlameWizard_FireBeam/Skill_FlameWizard_FireBeam_FireDamage.asset using Guid(975be595571797a4bb49930ed0342a93) Importer(2089858483,192608db42251d675da83286b1cce702) (ScriptedImporter) -> (artifact id: '246422dfcd724b02fadf119b0ccf6bbb') in 0.0082788 seconds
Number of updated asset objects reloaded before import = 0Number of asset objects unloaded after import = 1

========================================================================
Received Import Request.
  Time since last request: 0.000057 seconds.
  path: Assets/Scenes/TerrainGenerationTest.unity
  artifactKey: Guid(7749bf49961f44c4a8dc6b506a50efa4) Importer(2089858483,192608db42251d675da83286b1cce702)
Start importing Assets/Scenes/TerrainGenerationTest.unity using Guid(7749bf49961f44c4a8dc6b506a50efa4) Importer(2089858483,192608db42251d675da83286b1cce702) (ScriptedImporter) -> (artifact id: '7a5a7829ab1b2edceb0c1b89c30acf8c') in 0.039489 seconds
Number of updated asset objects reloaded before import = 0Number of asset objects unloaded after import = 1

========================================================================
Received Import Request.
  Time since last request: 0.000042 seconds.
  path: Assets/Scenes/Menu2
  artifactKey: Guid(9977f11838e6fa6438a2b297ac1b0596) Importer(2089858483,192608db42251d675da83286b1cce702)
Start importing Assets/Scenes/Menu2 using Guid(9977f11838e6fa6438a2b297ac1b0596) Importer(2089858483,192608db42251d675da83286b1cce702) (ScriptedImporter) -> (artifact id: 'df67f4409726bffcba283d48c2e0bc3f') in 0.0063331 seconds
Number of updated asset objects reloaded before import = 0Number of asset objects unloaded after import = 1

========================================================================
Received Import Request.
  Time since last request: 0.000077 seconds.
  path: Assets/Prefabs/Characters/Enemies/Bosses/FlameWizard/Skill_FlameWizard_FireballNova/Skill_FlameWizard_FireballNova_Fireball_Explosion_FireDamage.asset
  artifactKey: Guid(c437437ec6c1788418fffdda0bc4e273) Importer(2089858483,192608db42251d675da83286b1cce702)
Start importing Assets/Prefabs/Characters/Enemies/Bosses/FlameWizard/Skill_FlameWizard_FireballNova/Skill_FlameWizard_FireballNova_Fireball_Explosion_FireDamage.asset using Guid(c437437ec6c1788418fffdda0bc4e273) Importer(2089858483,192608db42251d675da83286b1cce702) (ScriptedImporter) -> (artifact id: '326bbe180454d530e88a079b203b534e') in 0.0080902 seconds
Number of updated asset objects reloaded before import = 0Number of asset objects unloaded after import = 1

========================================================================
Received Import Request.
  Time since last request: 0.000070 seconds.
  path: Assets/Models/WorldAssets/Podest.blend
  artifactKey: Guid(e5840d48645660843bd38c7a5466ea41) Importer(2089858483,192608db42251d675da83286b1cce702)
Start importing Assets/Models/WorldAssets/Podest.blend using Guid(e5840d48645660843bd38c7a5466ea41) Importer(2089858483,192608db42251d675da83286b1cce702) (ScriptedImporter) -> (artifact id: 'f290311c044d10741ac63a1a942a7119') in 0.0325969 seconds
Number of updated asset objects reloaded before import = 0Number of asset objects unloaded after import = 10

========================================================================
Received Import Request.
  Time since last request: 0.000016 seconds.
  path: Assets/Scripts/LevelGeneration/LevelCreator.cs
  artifactKey: Guid(5f22cb397d3910b4091826b04b409731) Importer(2089858483,192608db42251d675da83286b1cce702)
Start importing Assets/Scripts/LevelGeneration/LevelCreator.cs using Guid(5f22cb397d3910b4091826b04b409731) Importer(2089858483,192608db42251d675da83286b1cce702) (ScriptedImporter) -> (artifact id: 'b0acca7284303c09c0e7fad19271944e') in 0.0081604 seconds
Number of updated asset objects reloaded before import = 0Number of asset objects unloaded after import = 0

========================================================================
Received Import Request.
  Time since last request: 0.000062 seconds.
  path: Assets/Models/WorldAssets/Podest2.blend
  artifactKey: Guid(5a934a66122e11d43989128b07424c6f) Importer(2089858483,192608db42251d675da83286b1cce702)
Start importing Assets/Models/WorldAssets/Podest2.blend using Guid(5a934a66122e11d43989128b07424c6f) Importer(2089858483,192608db42251d675da83286b1cce702) (ScriptedImporter) -> (artifact id: '33fecf517e64b867f4af5c5b718375a6') in 0.0192356 seconds
Number of updated asset objects reloaded before import = 0Number of asset objects unloaded after import = 10

========================================================================
Received Import Request.
  Time since last request: 0.000012 seconds.
  path: Assets/Prefabs/Characters/Enemies/Bosses/FlameWizard/Skill_FlameWizard_FlameRing/Skill_FlameWizard_FlameRing_FireDamage.asset
  artifactKey: Guid(2de24afd7f92b6a4fb327a313459452c) Importer(2089858483,192608db42251d675da83286b1cce702)
Start importing Assets/Prefabs/Characters/Enemies/Bosses/FlameWizard/Skill_FlameWizard_FlameRing/Skill_FlameWizard_FlameRing_FireDamage.asset using Guid(2de24afd7f92b6a4fb327a313459452c) Importer(2089858483,192608db42251d675da83286b1cce702) (ScriptedImporter) -> (artifact id: '449d9ec45ab315352cc8f4561b6966dd') in 0.0082344 seconds
Number of updated asset objects reloaded before import = 0Number of asset objects unloaded after import = 1

========================================================================
Received Import Request.
  Time since last request: 0.000060 seconds.
  path: Assets/Scenes/TerrainGeneration.unity
  artifactKey: Guid(876ff7dc90e0ef448bc67c7dc7077548) Importer(2089858483,192608db42251d675da83286b1cce702)
Start importing Assets/Scenes/TerrainGeneration.unity using Guid(876ff7dc90e0ef448bc67c7dc7077548) Importer(2089858483,192608db42251d675da83286b1cce702) (ScriptedImporter) -> (artifact id: '4ee276a092ee7740f4cecd2b8c2ee11a') in 0.0220104 seconds
Number of updated asset objects reloaded before import = 0Number of asset objects unloaded after import = 1

========================================================================
Received Import Request.
  Time since last request: 0.000072 seconds.
  path: Assets/Scenes/TerrainGenerationTestTwo.unity
  artifactKey: Guid(e7178203905f59a4d98cc4a9e572aab1) Importer(2089858483,192608db42251d675da83286b1cce702)
Start importing Assets/Scenes/TerrainGenerationTestTwo.unity using Guid(e7178203905f59a4d98cc4a9e572aab1) Importer(2089858483,192608db42251d675da83286b1cce702) (ScriptedImporter) -> (artifact id: '04a8c659c805e5693bd2fda285c44c53') in 0.0335069 seconds
Number of updated asset objects reloaded before import = 0Number of asset objects unloaded after import = 1

Editor requested this worker to shutdown with reason: Scaling down because of idle timeout
AssetImportWorker is now disconnected from the server
Process exiting
Exiting without the bug reporter. Application will terminate with return code 0